Using pre-set license
Built from '2020.3/staging' branch; Version is '2020.3.24f1 (79c78de19888) revision 7980941'; Using compiler version '192528614'; Build Type 'Release'
OS: 'Windows 11  (10.0.22000) 64bit CoreSingleLanguage' Language: 'en' Physical Memory: 8033 MB
BatchMode: 1, IsHumanControllingUs: 0, StartBugReporterOnCrash: 0, Is64bit: 1, IsPro: 0

COMMAND LINE ARGUMENTS:
C:\Program Files\Unity\Hub\Editor\2020.3.24f1\Editor\Unity.exe
-adb2
-batchMode
-noUpm
-name
AssetImportWorker0
-projectPath
E:/Lab2_5
-logFile
Logs/AssetImportWorker0.log
-srvPort
52390
Successfully changed project path to: E:/Lab2_5
E:/Lab2_5
Using Asset Import Pipeline V2.
Refreshing native plugins compatible for Editor in 51.99 ms, found 2 plugins.
Preloading 0 native plugins for Editor in 0.00 ms.
Initialize engine version: 2020.3.24f1 (79c78de19888)
[Subsystems] Discovering subsystems at path C:/Program Files/Unity/Hub/Editor/2020.3.24f1/Editor/Data/Resources/UnitySubsystems
[Subsystems] Discovering subsystems at path E:/Lab2_5/Assets
GfxDevice: creating device client; threaded=0
Direct3D:
    Version:  Direct3D 11.0 [level 11.1]
    Renderer: NVIDIA GeForce GTX 1650 (ID=0x1f91)
    Vendor:   
    VRAM:     3962 MB
    Driver:   27.21.14.6280
Initialize mono
Mono path[0] = 'C:/Program Files/Unity/Hub/Editor/2020.3.24f1/Editor/Data/Managed'
Mono path[1] = 'C:/Program Files/Unity/Hub/Editor/2020.3.24f1/Editor/Data/MonoBleedingEdge/lib/mono/unityjit'
Mono config path = 'C:/Program Files/Unity/Hub/Editor/2020.3.24f1/Editor/Data/MonoBleedingEdge/etc'
Using monoOptions --debugger-agent=transport=dt_socket,embedding=1,server=y,suspend=n,address=127.0.0.1:56108
Begin MonoManager ReloadAssembly
Registering precompiled unity dll's ...
Register platform support module: C:/Program Files/Unity/Hub/Editor/2020.3.24f1/Editor/Data/PlaybackEngines/WebGLSupport/UnityEditor.WebGL.Extensions.dll
Register platform support module: C:/Program Files/Unity/Hub/Editor/2020.3.24f1/Editor/Data/PlaybackEngines/WindowsStandaloneSupport/UnityEditor.WindowsStandalone.Extensions.dll
Registered in 0.001667 seconds.
Native extension for WindowsStandalone target not found
Native extension for WebGL target not found
Refreshing native plugins compatible for Editor in 60.42 ms, found 2 plugins.
Preloading 0 native plugins for Editor in 0.00 ms.
Mono: successfully reloaded assembly
- Completed reload, in  0.584 seconds
Domain Reload Profiling:
	ReloadAssembly (584ms)
		BeginReloadAssembly (48ms)
			ExecutionOrderSort (0ms)
			DisableScriptedObjects (0ms)
			BackupInstance (0ms)
			ReleaseScriptingObjects (0ms)
			CreateAndSetChildDomain (1ms)
		EndReloadAssembly (466ms)
			LoadAssemblies (46ms)
			RebuildTransferFunctionScriptingTraits (0ms)
			SetupTypeCache (150ms)
			ReleaseScriptCaches (0ms)
			RebuildScriptCaches (34ms)
			SetupLoadedEditorAssemblies (184ms)
				LogAssemblyErrors (0ms)
				InitializePlatformSupportModulesInManaged (5ms)
				SetLoadedEditorAssemblies (0ms)
				RefreshPlugins (60ms)
				BeforeProcessingInitializeOnLoad (15ms)
				ProcessInitializeOnLoadAttributes (76ms)
				ProcessInitializeOnLoadMethodAttributes (27ms)
				AfterProcessingInitializeOnLoad (0ms)
				EditorAssembliesLoaded (0ms)
			ExecutionOrderSort2 (0ms)
			AwakeInstancesAfterBackupRestoration (0ms)
Platform modules already initialized, skipping
Registering precompiled user dll's ...
Registered in 0.002929 seconds.
Begin MonoManager ReloadAssembly
Native extension for WindowsStandalone target not found
Native extension for WebGL target not found
Refreshing native plugins compatible for Editor in 59.84 ms, found 2 plugins.
Preloading 0 native plugins for Editor in 0.00 ms.
Mono: successfully reloaded assembly
- Completed reload, in  1.126 seconds
Domain Reload Profiling:
	ReloadAssembly (1127ms)
		BeginReloadAssembly (139ms)
			ExecutionOrderSort (0ms)
			DisableScriptedObjects (5ms)
			BackupInstance (0ms)
			ReleaseScriptingObjects (0ms)
			CreateAndSetChildDomain (18ms)
		EndReloadAssembly (933ms)
			LoadAssemblies (85ms)
			RebuildTransferFunctionScriptingTraits (0ms)
			SetupTypeCache (314ms)
			ReleaseScriptCaches (1ms)
			RebuildScriptCaches (47ms)
			SetupLoadedEditorAssemblies (361ms)
				LogAssemblyErrors (0ms)
				InitializePlatformSupportModulesInManaged (4ms)
				SetLoadedEditorAssemblies (0ms)
				RefreshPlugins (60ms)
				BeforeProcessingInitializeOnLoad (103ms)
				ProcessInitializeOnLoadAttributes (182ms)
				ProcessInitializeOnLoadMethodAttributes (8ms)
				AfterProcessingInitializeOnLoad (4ms)
				EditorAssembliesLoaded (0ms)
			ExecutionOrderSort2 (0ms)
			AwakeInstancesAfterBackupRestoration (8ms)
Platform modules already initialized, skipping
========================================================================
Worker process is ready to serve import requests
Launched and connected shader compiler UnityShaderCompiler.exe after 0.07 seconds
Refreshing native plugins compatible for Editor in 0.94 ms, found 2 plugins.
Preloading 0 native plugins for Editor in 0.00 ms.
Unloading 2949 Unused Serialized files (Serialized files now loaded: 0)
System memory in use before: 131.3 MB.
System memory in use after: 131.5 MB.

Unloading 20 unused Assets to reduce memory usage. Loaded Objects now: 3383.
Total: 3.110700 ms (FindLiveObjects: 0.276900 ms CreateObjectMapping: 0.146000 ms MarkObjects: 2.609900 ms  DeleteObjects: 0.076900 ms)

AssetImportParameters requested are different than current active one (requested -> active):
  custom:framework-win-MediaFoundation: 216162199b28c13a410421893ffa2e32 -> 
  custom:video-decoder-ogg-theora: a1e56fd34408186e4bbccfd4996cb3dc -> 
  custom:container-muxer-webm: aa71ff27fc2769a1b78a27578f13a17b -> 
  custom:container-demuxer-webm: 4f35f7cbe854078d1ac9338744f61a02 -> 
  custom:container-demuxer-ogg: 62fdf1f143b41e24485cea50d1cbac27 -> 
  custom:video-encoder-webm-vp8: eb34c28f22e8b96e1ab97ce403110664 -> 
  custom:video-decoder-webm-vp8: 9c59270c3fd7afecdb556c50c9e8de78 -> 
  custom:audio-decoder-ogg-vorbis: bf7c407c2cedff20999df2af8eb42d56 -> 
  custom:audio-encoder-webm-vorbis: bf7c407c2cedff20999df2af8eb42d56 -> 
========================================================================
Received Import Request.
  path: Assets/my Shader/New Material.mat
  artifactKey: Guid(f06b8c20094d4b349aabdf7b26ff1445) Importer(815301076,1909f56bfc062723c751e8b465ee728b)
Start importing Assets/my Shader/New Material.mat using Guid(f06b8c20094d4b349aabdf7b26ff1445) Importer(815301076,1909f56bfc062723c751e8b465ee728b)  -> (artifact id: '521a6c80b8f7e853a03f871a6ec15b85') in 0.255530 seconds 
  Import took 0.259926 seconds .

========================================================================
Received Import Request.
  Time since last request: 6.009501 seconds.
  path: Assets/my Shader/2.mat
  artifactKey: Guid(f06b8c20094d4b349aabdf7b26ff1445) Importer(815301076,1909f56bfc062723c751e8b465ee728b)
Start importing Assets/my Shader/2.mat using Guid(f06b8c20094d4b349aabdf7b26ff1445) Importer(815301076,1909f56bfc062723c751e8b465ee728b)  -> (artifact id: '78e35ae284fea5a06ea90c379cdd2f29') in 0.020919 seconds 
  Import took 0.025234 seconds .

========================================================================
Received Import Request.
  Time since last request: 55.030661 seconds.
  path: Assets/my Shader/water2colorsMovement.shadergraph
  artifactKey: Guid(57946cd6b33dd5e468dde3b13d659081) Importer(815301076,1909f56bfc062723c751e8b465ee728b)
Start importing Assets/my Shader/water2colorsMovement.shadergraph using Guid(57946cd6b33dd5e468dde3b13d659081) Importer(815301076,1909f56bfc062723c751e8b465ee728b)  -> (artifact id: 'e9aa199ab033d7e9041fcddaefb6c84c') in 0.006419 seconds 
  Import took 0.011381 seconds .

========================================================================
Received Import Request.
  Time since last request: 0.517497 seconds.
  path: Assets/my Shader/water2colorsMovement.shadergraph
  artifactKey: Guid(57946cd6b33dd5e468dde3b13d659081) Importer(815301076,1909f56bfc062723c751e8b465ee728b)
Start importing Assets/my Shader/water2colorsMovement.shadergraph using Guid(57946cd6b33dd5e468dde3b13d659081) Importer(815301076,1909f56bfc062723c751e8b465ee728b)  -> (artifact id: '7eb268ed26ce41be8aead203506c02cd') in 0.005393 seconds 
  Import took 0.010833 seconds .

========================================================================
Received Import Request.
  Time since last request: 336.689712 seconds.
  path: Assets/my Shader/water2colorsMovement.mat
  artifactKey: Guid(8c7381af183297544802657c3af72a3d) Importer(815301076,1909f56bfc062723c751e8b465ee728b)
Start importing Assets/my Shader/water2colorsMovement.mat using Guid(8c7381af183297544802657c3af72a3d) Importer(815301076,1909f56bfc062723c751e8b465ee728b)  -> (artifact id: '80058cedd3564fb80c17dd6727fa910b') in 0.014011 seconds 
  Import took 0.020629 seconds .

========================================================================
Received Import Request.
  Time since last request: 249.876962 seconds.
  path: Assets/my Shader/water2colorsMovement.shadergraph
  artifactKey: Guid(57946cd6b33dd5e468dde3b13d659081) Importer(815301076,1909f56bfc062723c751e8b465ee728b)
Start importing Assets/my Shader/water2colorsMovement.shadergraph using Guid(57946cd6b33dd5e468dde3b13d659081) Importer(815301076,1909f56bfc062723c751e8b465ee728b)  -> (artifact id: '3a4ffb0ba177b6e9511a5541254209ca') in 0.004512 seconds 
  Import took 0.012441 seconds .

========================================================================
Received Import Request.
  Time since last request: 217.469443 seconds.
  path: Assets/my Shader/waterMovement.shadergraph
  artifactKey: Guid(0f1b278ab2093544b9b59e3349bc510e) Importer(815301076,1909f56bfc062723c751e8b465ee728b)
Start importing Assets/my Shader/waterMovement.shadergraph using Guid(0f1b278ab2093544b9b59e3349bc510e) Importer(815301076,1909f56bfc062723c751e8b465ee728b)  -> (artifact id: '3ae6c88600d064df9aeef65ebce903cc') in 0.010744 seconds 
  Import took 0.016800 seconds .

========================================================================
Received Import Request.
  Time since last request: 404.977764 seconds.
  path: Assets/my Shader/waterMovement.shadergraph
  artifactKey: Guid(0f1b278ab2093544b9b59e3349bc510e) Importer(815301076,1909f56bfc062723c751e8b465ee728b)
Start importing Assets/my Shader/waterMovement.shadergraph using Guid(0f1b278ab2093544b9b59e3349bc510e) Importer(815301076,1909f56bfc062723c751e8b465ee728b)  -> (artifact id: '869d012526a4b43829f9a99f282170e0') in 0.003658 seconds 
  Import took 0.009614 seconds .

========================================================================
Received Import Request.
  Time since last request: 167.317801 seconds.
  path: Assets/my Shader/water2colorsMovement.mat
  artifactKey: Guid(8c7381af183297544802657c3af72a3d) Importer(815301076,1909f56bfc062723c751e8b465ee728b)
Start importing Assets/my Shader/water2colorsMovement.mat using Guid(8c7381af183297544802657c3af72a3d) Importer(815301076,1909f56bfc062723c751e8b465ee728b)  -> (artifact id: 'c321b1b3a203635d83c871e2c50d1576') in 0.027722 seconds 
  Import took 0.033938 seconds .

========================================================================
Received Import Request.
  Time since last request: 0.000291 seconds.
  path: Assets/my Shader/waterMovement.mat
  artifactKey: Guid(cc9a7df24bc3bbf489a09b10aaac676f) Importer(815301076,1909f56bfc062723c751e8b465ee728b)
Start importing Assets/my Shader/waterMovement.mat using Guid(cc9a7df24bc3bbf489a09b10aaac676f) Importer(815301076,1909f56bfc062723c751e8b465ee728b)  -> (artifact id: '29c350e366715eb12cb4e299ec5c308d') in 0.024893 seconds 
  Import took 0.032519 seconds .

========================================================================
Received Import Request.
  Time since last request: 29.274119 seconds.
  path: Assets/my Shader/waterMovement.shadergraph
  artifactKey: Guid(0f1b278ab2093544b9b59e3349bc510e) Importer(815301076,1909f56bfc062723c751e8b465ee728b)
Start importing Assets/my Shader/waterMovement.shadergraph using Guid(0f1b278ab2093544b9b59e3349bc510e) Importer(815301076,1909f56bfc062723c751e8b465ee728b)  -> (artifact id: 'b4e521bbaea58a80658dce97ea939cf3') in 0.006103 seconds 
  Import took 0.011104 seconds .

========================================================================
Received Import Request.
  Time since last request: 31.253932 seconds.
  path: Assets/my Shader/waterMovement.shadersubgraph
  artifactKey: Guid(1c552ddf0f49c4b4484ffb8394ca49ab) Importer(815301076,1909f56bfc062723c751e8b465ee728b)
Start importing Assets/my Shader/waterMovement.shadersubgraph using Guid(1c552ddf0f49c4b4484ffb8394ca49ab) Importer(815301076,1909f56bfc062723c751e8b465ee728b)  -> (artifact id: '0338a051d7cbd290b44aba4b8a531340') in 0.046353 seconds 
  Import took 0.061248 seconds .

========================================================================
Received Import Request.
  Time since last request: 67.097142 seconds.
  path: Assets/my Shader/waterMovement/waterMovement.shadergraph
  artifactKey: Guid(0f1b278ab2093544b9b59e3349bc510e) Importer(815301076,1909f56bfc062723c751e8b465ee728b)
Start importing Assets/my Shader/waterMovement/waterMovement.shadergraph using Guid(0f1b278ab2093544b9b59e3349bc510e) Importer(815301076,1909f56bfc062723c751e8b465ee728b)  -> (artifact id: 'bc7c8ca349ff65cef4452afaa0147e73') in 0.005166 seconds 
  Import took 0.011267 seconds .

========================================================================
Received Import Request.
  Time since last request: 107.753080 seconds.
  path: Assets/my Shader/water2colorsMovement.shadergraph
  artifactKey: Guid(57946cd6b33dd5e468dde3b13d659081) Importer(815301076,1909f56bfc062723c751e8b465ee728b)
Start importing Assets/my Shader/water2colorsMovement.shadergraph using Guid(57946cd6b33dd5e468dde3b13d659081) Importer(815301076,1909f56bfc062723c751e8b465ee728b)  -> (artifact id: '9bd9c85906087113b075bb2616021c5b') in 0.004292 seconds 
  Import took 0.009883 seconds .

========================================================================
Received Import Request.
  Time since last request: 22.946434 seconds.
  path: Assets/Stylized Environnement - Free Pack/Prefabs/crystal_01.prefab
  artifactKey: Guid(9cf4c2a6fda934689a54f304efc01674) Importer(815301076,1909f56bfc062723c751e8b465ee728b)
Start importing Assets/Stylized Environnement - Free Pack/Prefabs/crystal_01.prefab using Guid(9cf4c2a6fda934689a54f304efc01674) Importer(815301076,1909f56bfc062723c751e8b465ee728b)  -> (artifact id: 'a144ceb67a104bd35c130acd03eb9404') in 0.652951 seconds 
  Import took 0.659624 seconds .

========================================================================
Received Import Request.
  Time since last request: 0.000232 seconds.
  path: Assets/Stylized Environnement - Free Pack/Prefabs/Terrain.prefab
  artifactKey: Guid(d5c679fa5cb6c4b1291dc05ad7c3d71e) Importer(815301076,1909f56bfc062723c751e8b465ee728b)
Start importing Assets/Stylized Environnement - Free Pack/Prefabs/Terrain.prefab using Guid(d5c679fa5cb6c4b1291dc05ad7c3d71e) Importer(815301076,1909f56bfc062723c751e8b465ee728b)  -> (artifact id: 'a21150393ffde01e274e4583d0da8a80') in 0.014631 seconds 
  Import took 0.019737 seconds .

========================================================================
Received Import Request.
  Time since last request: 0.000311 seconds.
  path: Assets/Stylized Environnement - Free Pack/Prefabs/rock_02.prefab
  artifactKey: Guid(871c34634d3fd4159ac7d149e826b61a) Importer(815301076,1909f56bfc062723c751e8b465ee728b)
Start importing Assets/Stylized Environnement - Free Pack/Prefabs/rock_02.prefab using Guid(871c34634d3fd4159ac7d149e826b61a) Importer(815301076,1909f56bfc062723c751e8b465ee728b)  -> (artifact id: '961e814887fa52e3f3745e197e8022db') in 0.352611 seconds 
  Import took 0.357770 seconds .

========================================================================
Received Import Request.
  Time since last request: 0.000252 seconds.
  path: Assets/Stylized Environnement - Free Pack/Prefabs/foliage.prefab
  artifactKey: Guid(2577eb475b13744c9a18e5244aea97af) Importer(815301076,1909f56bfc062723c751e8b465ee728b)
Start importing Assets/Stylized Environnement - Free Pack/Prefabs/foliage.prefab using Guid(2577eb475b13744c9a18e5244aea97af) Importer(815301076,1909f56bfc062723c751e8b465ee728b)  -> (artifact id: '404adc8f2385e0742e0ab7d55300b851') in 0.290020 seconds 
  Import took 0.295263 seconds .

========================================================================
Received Import Request.
  Time since last request: 0.000215 seconds.
  path: Assets/Stylized Environnement - Free Pack/Prefabs/rock_01.prefab
  artifactKey: Guid(a758c9966af9e45ab9f4f272a35a2e08) Importer(815301076,1909f56bfc062723c751e8b465ee728b)
Start importing Assets/Stylized Environnement - Free Pack/Prefabs/rock_01.prefab using Guid(a758c9966af9e45ab9f4f272a35a2e08) Importer(815301076,1909f56bfc062723c751e8b465ee728b)  -> (artifact id: '649162756877ed6645c01004a6a7c715') in 0.337886 seconds 
  Import took 0.342114 seconds .

========================================================================
Received Import Request.
  Time since last request: 0.000185 seconds.
  path: Assets/Stylized Environnement - Free Pack/Prefabs/Particle.prefab
  artifactKey: Guid(aafaafdb6e4ac46208a1dc08df4094b5) Importer(815301076,1909f56bfc062723c751e8b465ee728b)
Start importing Assets/Stylized Environnement - Free Pack/Prefabs/Particle.prefab using Guid(aafaafdb6e4ac46208a1dc08df4094b5) Importer(815301076,1909f56bfc062723c751e8b465ee728b)  -> (artifact id: '5294674fba6106f025f9c9544d09545f') in 0.019270 seconds 
  Import took 0.023373 seconds .

========================================================================
Received Import Request.
  Time since last request: 0.000328 seconds.
  path: Assets/Stylized Environnement - Free Pack/Prefabs/tree_01.prefab
  artifactKey: Guid(7a091e571084f4d1e985fb353b54ac86) Importer(815301076,1909f56bfc062723c751e8b465ee728b)
Start importing Assets/Stylized Environnement - Free Pack/Prefabs/tree_01.prefab using Guid(7a091e571084f4d1e985fb353b54ac86) Importer(815301076,1909f56bfc062723c751e8b465ee728b)  -> (artifact id: 'e8f1f28539455897994df03506f57683') in 0.039176 seconds 
  Import took 0.046360 seconds .

========================================================================
Received Import Request.
  Time since last request: 0.000267 seconds.
  path: Assets/Stylized Environnement - Free Pack/Prefabs/trunk.prefab
  artifactKey: Guid(314adce1424fa42888bcb1facdc53f56) Importer(815301076,1909f56bfc062723c751e8b465ee728b)
Start importing Assets/Stylized Environnement - Free Pack/Prefabs/trunk.prefab using Guid(314adce1424fa42888bcb1facdc53f56) Importer(815301076,1909f56bfc062723c751e8b465ee728b)  -> (artifact id: '1304133836779d49262531f6e82fecea') in 0.029230 seconds 
  Import took 0.034758 seconds .

========================================================================
Received Prepare
Registering precompiled user dll's ...
Registered in 0.002841 seconds.
Begin MonoManager ReloadAssembly
Native extension for WindowsStandalone target not found
Native extension for WebGL target not found
Refreshing native plugins compatible for Editor in 0.55 ms, found 2 plugins.
Preloading 0 native plugins for Editor in 0.00 ms.
Mono: successfully reloaded assembly
- Completed reload, in  1.080 seconds
Domain Reload Profiling:
	ReloadAssembly (1081ms)
		BeginReloadAssembly (130ms)
			ExecutionOrderSort (0ms)
			DisableScriptedObjects (7ms)
			BackupInstance (0ms)
			ReleaseScriptingObjects (0ms)
			CreateAndSetChildDomain (40ms)
		EndReloadAssembly (892ms)
			LoadAssemblies (84ms)
			RebuildTransferFunctionScriptingTraits (0ms)
			SetupTypeCache (298ms)
			ReleaseScriptCaches (1ms)
			RebuildScriptCaches (41ms)
			SetupLoadedEditorAssemblies (315ms)
				LogAssemblyErrors (0ms)
				InitializePlatformSupportModulesInManaged (4ms)
				SetLoadedEditorAssemblies (0ms)
				RefreshPlugins (1ms)
				BeforeProcessingInitializeOnLoad (94ms)
				ProcessInitializeOnLoadAttributes (203ms)
				ProcessInitializeOnLoadMethodAttributes (8ms)
				AfterProcessingInitializeOnLoad (4ms)
				EditorAssembliesLoaded (0ms)
			ExecutionOrderSort2 (0ms)
			AwakeInstancesAfterBackupRestoration (16ms)
Platform modules already initialized, skipping
Refreshing native plugins compatible for Editor in 0.53 ms, found 2 plugins.
Preloading 0 native plugins for Editor in 0.00 ms.
Unloading 2835 Unused Serialized files (Serialized files now loaded: 0)
System memory in use before: 129.3 MB.
System memory in use after: 129.5 MB.

Unloading 17 unused Assets to reduce memory usage. Loaded Objects now: 3464.
Total: 3.956300 ms (FindLiveObjects: 0.296700 ms CreateObjectMapping: 0.126600 ms MarkObjects: 3.352200 ms  DeleteObjects: 0.179100 ms)

AssetImportParameters requested are different than current active one (requested -> active):
  custom:framework-win-MediaFoundation: 216162199b28c13a410421893ffa2e32 -> 
  custom:video-decoder-ogg-theora: a1e56fd34408186e4bbccfd4996cb3dc -> 
  custom:container-muxer-webm: aa71ff27fc2769a1b78a27578f13a17b -> 
  custom:container-demuxer-webm: 4f35f7cbe854078d1ac9338744f61a02 -> 
  custom:container-demuxer-ogg: 62fdf1f143b41e24485cea50d1cbac27 -> 
  custom:video-encoder-webm-vp8: eb34c28f22e8b96e1ab97ce403110664 -> 
  custom:video-decoder-webm-vp8: 9c59270c3fd7afecdb556c50c9e8de78 -> 
  custom:audio-decoder-ogg-vorbis: bf7c407c2cedff20999df2af8eb42d56 -> 
  custom:audio-encoder-webm-vorbis: bf7c407c2cedff20999df2af8eb42d56 -> 
========================================================================
Received Import Request.
  Time since last request: 125.157053 seconds.
  path: Assets/my Shader/water2colorsMovement.shadergraph
  artifactKey: Guid(57946cd6b33dd5e468dde3b13d659081) Importer(815301076,1909f56bfc062723c751e8b465ee728b)
Start importing Assets/my Shader/water2colorsMovement.shadergraph using Guid(57946cd6b33dd5e468dde3b13d659081) Importer(815301076,1909f56bfc062723c751e8b465ee728b)  -> (artifact id: 'd404f5616a36512890f320f01ec0cc43') in 0.016729 seconds 
  Import took 0.021694 seconds .

========================================================================
Received Import Request.
  Time since last request: 91.335494 seconds.
  path: Assets/my Shader/water2colorsMovement.mat
  artifactKey: Guid(8c7381af183297544802657c3af72a3d) Importer(815301076,1909f56bfc062723c751e8b465ee728b)
Start importing Assets/my Shader/water2colorsMovement.mat using Guid(8c7381af183297544802657c3af72a3d) Importer(815301076,1909f56bfc062723c751e8b465ee728b)  -> (artifact id: '4ac9eb8026ab203602029b4036f5f1dd') in 0.160367 seconds 
  Import took 0.165859 seconds .

========================================================================
Received Import Request.
  Time since last request: 2.618968 seconds.
  path: Assets/my Shader/water2colorsMovement.shadergraph
  artifactKey: Guid(57946cd6b33dd5e468dde3b13d659081) Importer(815301076,1909f56bfc062723c751e8b465ee728b)
Start importing Assets/my Shader/water2colorsMovement.shadergraph using Guid(57946cd6b33dd5e468dde3b13d659081) Importer(815301076,1909f56bfc062723c751e8b465ee728b)  -> (artifact id: 'dd8af08c08656325f5acc67d9cad0749') in 0.003187 seconds 
  Import took 0.008348 seconds .

========================================================================
Received Import Request.
  Time since last request: 69.726808 seconds.
  path: Assets/my Shader/New Shader Graph.shadergraph
  artifactKey: Guid(cd549cc0a4c43594fa218d0cbe8ba7ac) Importer(815301076,1909f56bfc062723c751e8b465ee728b)
Start importing Assets/my Shader/New Shader Graph.shadergraph using Guid(cd549cc0a4c43594fa218d0cbe8ba7ac) Importer(815301076,1909f56bfc062723c751e8b465ee728b)  -> (artifact id: '21c55e6693c4323b3fddd095fc893f90') in 0.008140 seconds 
  Import took 0.014502 seconds .

========================================================================
Received Import Request.
  Time since last request: 41.934419 seconds.
  path: Assets/my Shader/water2colorsMovement.shadergraph
  artifactKey: Guid(cd549cc0a4c43594fa218d0cbe8ba7ac) Importer(815301076,1909f56bfc062723c751e8b465ee728b)
Start importing Assets/my Shader/water2colorsMovement.shadergraph using Guid(cd549cc0a4c43594fa218d0cbe8ba7ac) Importer(815301076,1909f56bfc062723c751e8b465ee728b)  -> (artifact id: '2d39b44dcb2648288a7ff481b02129d3') in 0.003194 seconds 
  Import took 0.008504 seconds .

========================================================================
Received Import Request.
  Time since last request: 70.426846 seconds.
  path: Assets/my Shader/water2colorsMovement.shadergraph
  artifactKey: Guid(cd549cc0a4c43594fa218d0cbe8ba7ac) Importer(815301076,1909f56bfc062723c751e8b465ee728b)
Start importing Assets/my Shader/water2colorsMovement.shadergraph using Guid(cd549cc0a4c43594fa218d0cbe8ba7ac) Importer(815301076,1909f56bfc062723c751e8b465ee728b)  -> (artifact id: '06cc7225818c9333c6f6daaa660ac880') in 0.003293 seconds 
  Import took 0.008031 seconds .

========================================================================
Received Import Request.
  Time since last request: 6.616019 seconds.
  path: Assets/my Shader/water2colorsMovement.shadergraph
  artifactKey: Guid(cd549cc0a4c43594fa218d0cbe8ba7ac) Importer(815301076,1909f56bfc062723c751e8b465ee728b)
Start importing Assets/my Shader/water2colorsMovement.shadergraph using Guid(cd549cc0a4c43594fa218d0cbe8ba7ac) Importer(815301076,1909f56bfc062723c751e8b465ee728b)  -> (artifact id: '7252248f673c2f03e3edea19935ccebf') in 0.003278 seconds 
  Import took 0.007502 seconds .

========================================================================
Received Import Request.
  Time since last request: 28.413870 seconds.
  path: Assets/my Shader/water2colorsMovement.mat
  artifactKey: Guid(8c7381af183297544802657c3af72a3d) Importer(815301076,1909f56bfc062723c751e8b465ee728b)
Start importing Assets/my Shader/water2colorsMovement.mat using Guid(8c7381af183297544802657c3af72a3d) Importer(815301076,1909f56bfc062723c751e8b465ee728b)  -> (artifact id: '4feb746879715696fe7708966c216523') in 0.014203 seconds 
  Import took 0.018470 seconds .

========================================================================
Received Import Request.
  Time since last request: 79.314031 seconds.
  path: Assets/my Shader/water2colorsMovement.shadergraph
  artifactKey: Guid(cd549cc0a4c43594fa218d0cbe8ba7ac) Importer(815301076,1909f56bfc062723c751e8b465ee728b)
Start importing Assets/my Shader/water2colorsMovement.shadergraph using Guid(cd549cc0a4c43594fa218d0cbe8ba7ac) Importer(815301076,1909f56bfc062723c751e8b465ee728b)  -> (artifact id: '85ec1e54b4041a02753816ad807648f6') in 0.003496 seconds 
  Import took 0.008675 seconds .

========================================================================
Received Import Request.
  Time since last request: 126.770312 seconds.
  path: Assets/my Shader/water2colorsMovement.mat
  artifactKey: Guid(8c7381af183297544802657c3af72a3d) Importer(815301076,1909f56bfc062723c751e8b465ee728b)
Start importing Assets/my Shader/water2colorsMovement.mat using Guid(8c7381af183297544802657c3af72a3d) Importer(815301076,1909f56bfc062723c751e8b465ee728b)  -> (artifact id: '5c5b63a84cbd2f8bf0538f4677b981e8') in 0.018387 seconds 
  Import took 0.024012 seconds .

========================================================================
Received Import Request.
  Time since last request: 117.985220 seconds.
  path: Assets/my Shader/waterMovement/waterMovement.mat
  artifactKey: Guid(cc9a7df24bc3bbf489a09b10aaac676f) Importer(815301076,1909f56bfc062723c751e8b465ee728b)
Start importing Assets/my Shader/waterMovement/waterMovement.mat using Guid(cc9a7df24bc3bbf489a09b10aaac676f) Importer(815301076,1909f56bfc062723c751e8b465ee728b)  -> (artifact id: '529af902cd21123354e6ab43f8e7eeb4') in 0.015383 seconds 
  Import took 0.020694 seconds .

========================================================================
Received Import Request.
  Time since last request: 295.116773 seconds.
  path: Assets/my Shader/water2colorsMovement.shadergraph
  artifactKey: Guid(cd549cc0a4c43594fa218d0cbe8ba7ac) Importer(815301076,1909f56bfc062723c751e8b465ee728b)
Start importing Assets/my Shader/water2colorsMovement.shadergraph using Guid(cd549cc0a4c43594fa218d0cbe8ba7ac) Importer(815301076,1909f56bfc062723c751e8b465ee728b)  -> (artifact id: '78861eda0e508fd6527bfc1331336237') in 0.004264 seconds 
  Import took 0.009024 seconds .

========================================================================
Received Prepare
Registering precompiled user dll's ...
Registered in 0.003039 seconds.
Begin MonoManager ReloadAssembly
Native extension for WindowsStandalone target not found
Native extension for WebGL target not found
Refreshing native plugins compatible for Editor in 0.55 ms, found 2 plugins.
Preloading 0 native plugins for Editor in 0.00 ms.
Mono: successfully reloaded assembly
- Completed reload, in  1.077 seconds
Domain Reload Profiling:
	ReloadAssembly (1077ms)
		BeginReloadAssembly (116ms)
			ExecutionOrderSort (0ms)
			DisableScriptedObjects (6ms)
			BackupInstance (0ms)
			ReleaseScriptingObjects (0ms)
			CreateAndSetChildDomain (45ms)
		EndReloadAssembly (899ms)
			LoadAssemblies (93ms)
			RebuildTransferFunctionScriptingTraits (0ms)
			SetupTypeCache (328ms)
			ReleaseScriptCaches (1ms)
			RebuildScriptCaches (45ms)
			SetupLoadedEditorAssemblies (290ms)
				LogAssemblyErrors (0ms)
				InitializePlatformSupportModulesInManaged (5ms)
				SetLoadedEditorAssemblies (0ms)
				RefreshPlugins (1ms)
				BeforeProcessingInitializeOnLoad (84ms)
				ProcessInitializeOnLoadAttributes (186ms)
				ProcessInitializeOnLoadMethodAttributes (9ms)
				AfterProcessingInitializeOnLoad (4ms)
				EditorAssembliesLoaded (0ms)
			ExecutionOrderSort2 (0ms)
			AwakeInstancesAfterBackupRestoration (14ms)
Platform modules already initialized, skipping
Refreshing native plugins compatible for Editor in 0.51 ms, found 2 plugins.
Preloading 0 native plugins for Editor in 0.00 ms.
Unloading 2837 Unused Serialized files (Serialized files now loaded: 0)
System memory in use before: 130.2 MB.
System memory in use after: 130.4 MB.

Unloading 15 unused Assets to reduce memory usage. Loaded Objects now: 3504.
Total: 3.475700 ms (FindLiveObjects: 0.299600 ms CreateObjectMapping: 0.136800 ms MarkObjects: 3.020300 ms  DeleteObjects: 0.017900 ms)

AssetImportParameters requested are different than current active one (requested -> active):
  custom:framework-win-MediaFoundation: 216162199b28c13a410421893ffa2e32 -> 
  custom:video-decoder-ogg-theora: a1e56fd34408186e4bbccfd4996cb3dc -> 
  custom:container-muxer-webm: aa71ff27fc2769a1b78a27578f13a17b -> 
  custom:container-demuxer-webm: 4f35f7cbe854078d1ac9338744f61a02 -> 
  custom:container-demuxer-ogg: 62fdf1f143b41e24485cea50d1cbac27 -> 
  custom:video-encoder-webm-vp8: eb34c28f22e8b96e1ab97ce403110664 -> 
  custom:video-decoder-webm-vp8: 9c59270c3fd7afecdb556c50c9e8de78 -> 
  custom:audio-decoder-ogg-vorbis: bf7c407c2cedff20999df2af8eb42d56 -> 
  custom:audio-encoder-webm-vorbis: bf7c407c2cedff20999df2af8eb42d56 -> 
========================================================================
Received Import Request.
  Time since last request: 18.912953 seconds.
  path: Assets/my Shader/water2colorsMovement.shadergraph
  artifactKey: Guid(cd549cc0a4c43594fa218d0cbe8ba7ac) Importer(815301076,1909f56bfc062723c751e8b465ee728b)
Start importing Assets/my Shader/water2colorsMovement.shadergraph using Guid(cd549cc0a4c43594fa218d0cbe8ba7ac) Importer(815301076,1909f56bfc062723c751e8b465ee728b)  -> (artifact id: 'ac77bbce6f9f9dc309d9011fcfa0cc3f') in 0.022456 seconds 
  Import took 0.027706 seconds .

========================================================================
Received Import Request.
  Time since last request: 71.068881 seconds.
  path: Assets/my Shader/waterMovement/waterMovement.shadersubgraph
  artifactKey: Guid(1c552ddf0f49c4b4484ffb8394ca49ab) Importer(815301076,1909f56bfc062723c751e8b465ee728b)
Start importing Assets/my Shader/waterMovement/waterMovement.shadersubgraph using Guid(1c552ddf0f49c4b4484ffb8394ca49ab) Importer(815301076,1909f56bfc062723c751e8b465ee728b)  -> (artifact id: '93a06b5fdfb23dde43f222f3446dc939') in 0.010422 seconds 
  Import took 0.019218 seconds .

========================================================================
Received Import Request.
  Time since last request: 4.179153 seconds.
  path: Assets/my Shader/water2colorsMovement.shadergraph
  artifactKey: Guid(cd549cc0a4c43594fa218d0cbe8ba7ac) Importer(815301076,1909f56bfc062723c751e8b465ee728b)
Start importing Assets/my Shader/water2colorsMovement.shadergraph using Guid(cd549cc0a4c43594fa218d0cbe8ba7ac) Importer(815301076,1909f56bfc062723c751e8b465ee728b)  -> (artifact id: '128d9325b25a84faefab46fd8ac865d3') in 0.003675 seconds 
  Import took 0.009314 seconds .

========================================================================
Received Import Request.
  Time since last request: 80.662906 seconds.
  path: Assets/my Shader/waterMovement/waterMovement.shadersubgraph
  artifactKey: Guid(1c552ddf0f49c4b4484ffb8394ca49ab) Importer(815301076,1909f56bfc062723c751e8b465ee728b)
Start importing Assets/my Shader/waterMovement/waterMovement.shadersubgraph using Guid(1c552ddf0f49c4b4484ffb8394ca49ab) Importer(815301076,1909f56bfc062723c751e8b465ee728b)  -> (artifact id: 'a407177559edad9c2d8bcfbb7bd5ce2b') in 0.006213 seconds 
  Import took 0.012835 seconds .

========================================================================
Received Import Request.
  Time since last request: 23.644253 seconds.
  path: Assets/my Shader/water2colorsMovement.shadergraph
  artifactKey: Guid(cd549cc0a4c43594fa218d0cbe8ba7ac) Importer(815301076,1909f56bfc062723c751e8b465ee728b)
Start importing Assets/my Shader/water2colorsMovement.shadergraph using Guid(cd549cc0a4c43594fa218d0cbe8ba7ac) Importer(815301076,1909f56bfc062723c751e8b465ee728b)  -> (artifact id: 'ae89eb7b39379535cb3666ad8d1d694c') in 0.003310 seconds 
  Import took 0.009091 seconds .

========================================================================
Received Import Request.
  Time since last request: 207.238043 seconds.
  path: Assets/my Shader/waterMovement.shadergraph
  artifactKey: Guid(14c02857884f81242bf7452312427fab) Importer(815301076,1909f56bfc062723c751e8b465ee728b)
Start importing Assets/my Shader/waterMovement.shadergraph using Guid(14c02857884f81242bf7452312427fab) Importer(815301076,1909f56bfc062723c751e8b465ee728b)  -> (artifact id: 'f65c8ecb857d0d50fcbbd5a5f7244ae9') in 0.007734 seconds 
  Import took 0.330916 seconds .

========================================================================
Received Import Request.
  Time since last request: 235.959921 seconds.
  path: Assets/my Shader/movement/movement.shadersubgraph
  artifactKey: Guid(4bfaff84b683b1e45b04881134015639) Importer(815301076,1909f56bfc062723c751e8b465ee728b)
Start importing Assets/my Shader/movement/movement.shadersubgraph using Guid(4bfaff84b683b1e45b04881134015639) Importer(815301076,1909f56bfc062723c751e8b465ee728b)  -> (artifact id: '0b1525d3f24fdd2634c8b8f4bf67c89e') in 0.010256 seconds 
  Import took 0.016798 seconds .

========================================================================
Received Import Request.
  Time since last request: 0.000309 seconds.
  path: Assets/my Shader/movement/movement.shadergraph
  artifactKey: Guid(6036ffdec5f7a2944ae356cfac1fcaca) Importer(815301076,1909f56bfc062723c751e8b465ee728b)
Start importing Assets/my Shader/movement/movement.shadergraph using Guid(6036ffdec5f7a2944ae356cfac1fcaca) Importer(815301076,1909f56bfc062723c751e8b465ee728b)  -> (artifact id: '014d0edb135078a0a669d43b13ebaec3') in 0.003309 seconds 
  Import took 0.020500 seconds .

========================================================================
Received Import Request.
  Time since last request: 24.325295 seconds.
  path: Assets/my Shader/watermovement.shadergraph
  artifactKey: Guid(14c02857884f81242bf7452312427fab) Importer(815301076,1909f56bfc062723c751e8b465ee728b)
Start importing Assets/my Shader/watermovement.shadergraph using Guid(14c02857884f81242bf7452312427fab) Importer(815301076,1909f56bfc062723c751e8b465ee728b)  -> (artifact id: 'fe65ed1b15d956da3e6edec062460967') in 0.003299 seconds 
  Import took 0.048941 seconds .

========================================================================
Received Import Request.
  Time since last request: 337.085396 seconds.
  path: Assets/my Shader/water2colorsMovement.mat
  artifactKey: Guid(8c7381af183297544802657c3af72a3d) Importer(815301076,1909f56bfc062723c751e8b465ee728b)
Start importing Assets/my Shader/water2colorsMovement.mat using Guid(8c7381af183297544802657c3af72a3d) Importer(815301076,1909f56bfc062723c751e8b465ee728b)  -> (artifact id: 'a60839a118c4338946a706a59631f792') in 0.157209 seconds 
  Import took 0.162785 seconds .

========================================================================
Received Import Request.
  Time since last request: 0.000219 seconds.
  path: Assets/my Shader/watermovement.mat
  artifactKey: Guid(aa23f2e20633e224785b83a73a55c1cb) Importer(815301076,1909f56bfc062723c751e8b465ee728b)
Start importing Assets/my Shader/watermovement.mat using Guid(aa23f2e20633e224785b83a73a55c1cb) Importer(815301076,1909f56bfc062723c751e8b465ee728b)  -> (artifact id: 'cf42a91219fc885efb8dd116d0f627bc') in 0.017567 seconds 
  Import took 0.032147 seconds .

========================================================================
Received Import Request.
  Time since last request: 140.850305 seconds.
  path: Assets/my Shader/New Shader Sub Graph.shadersubgraph
  artifactKey: Guid(d07fe47b98128a7408007ae3203a8a4d) Importer(815301076,1909f56bfc062723c751e8b465ee728b)
Start importing Assets/my Shader/New Shader Sub Graph.shadersubgraph using Guid(d07fe47b98128a7408007ae3203a8a4d) Importer(815301076,1909f56bfc062723c751e8b465ee728b)  -> (artifact id: 'dd06b39a1ce4dfa538fc30d69bd12333') in 0.027564 seconds 
  Import took 0.068547 seconds .

========================================================================
Received Import Request.
  Time since last request: 24.780534 seconds.
  path: Assets/my Shader/watermovement.shadersubgraph
  artifactKey: Guid(d07fe47b98128a7408007ae3203a8a4d) Importer(815301076,1909f56bfc062723c751e8b465ee728b)
Start importing Assets/my Shader/watermovement.shadersubgraph using Guid(d07fe47b98128a7408007ae3203a8a4d) Importer(815301076,1909f56bfc062723c751e8b465ee728b)  -> (artifact id: '0e7b0905a60c0886962e5173053366a1') in 0.006453 seconds 
  Import took 0.054150 seconds .

========================================================================
Received Import Request.
  Time since last request: 13.010915 seconds.
  path: Assets/my Shader/watermovement'
  artifactKey: Guid(0496c012184b3ae4c9f39b668520a506) Importer(815301076,1909f56bfc062723c751e8b465ee728b)
Start importing Assets/my Shader/watermovement' using Guid(0496c012184b3ae4c9f39b668520a506) Importer(815301076,1909f56bfc062723c751e8b465ee728b)  -> (artifact id: '9f1e742c94ed1fa05245657df1c658b9') in 0.009532 seconds 
  Import took 0.115265 seconds .

========================================================================
Received Import Request.
  Time since last request: 85.330208 seconds.
  path: Assets/my Shader/water2colorsMovement.shadergraph
  artifactKey: Guid(cd549cc0a4c43594fa218d0cbe8ba7ac) Importer(815301076,1909f56bfc062723c751e8b465ee728b)
Start importing Assets/my Shader/water2colorsMovement.shadergraph using Guid(cd549cc0a4c43594fa218d0cbe8ba7ac) Importer(815301076,1909f56bfc062723c751e8b465ee728b)  -> (artifact id: 'c96cc6d13b59d9e4bd5a631e51aa3482') in 0.003943 seconds 
  Import took 0.103522 seconds .

========================================================================
Received Import Request.
  Time since last request: 39.677468 seconds.
  path: Assets/my Shader/water2colorsMovement.shadergraph
  artifactKey: Guid(cd549cc0a4c43594fa218d0cbe8ba7ac) Importer(815301076,1909f56bfc062723c751e8b465ee728b)
Start importing Assets/my Shader/water2colorsMovement.shadergraph using Guid(cd549cc0a4c43594fa218d0cbe8ba7ac) Importer(815301076,1909f56bfc062723c751e8b465ee728b)  -> (artifact id: 'f5d67dc8445ff448431b497cdba16f21') in 0.003928 seconds 
  Import took 0.102109 seconds .

========================================================================
Received Import Request.
  Time since last request: 169.600061 seconds.
  path: Assets/my Shader/water2colorsMovement.shadergraph
  artifactKey: Guid(cd549cc0a4c43594fa218d0cbe8ba7ac) Importer(815301076,1909f56bfc062723c751e8b465ee728b)
Start importing Assets/my Shader/water2colorsMovement.shadergraph using Guid(cd549cc0a4c43594fa218d0cbe8ba7ac) Importer(815301076,1909f56bfc062723c751e8b465ee728b)  -> (artifact id: '4f7ee44cfce241d72019a848a4140423') in 0.002677 seconds 
  Import took 0.006867 seconds .

========================================================================
Received Import Request.
  Time since last request: 24.494219 seconds.
  path: Assets/my Shader/water2colorsMovement.mat
  artifactKey: Guid(8c7381af183297544802657c3af72a3d) Importer(815301076,1909f56bfc062723c751e8b465ee728b)
Start importing Assets/my Shader/water2colorsMovement.mat using Guid(8c7381af183297544802657c3af72a3d) Importer(815301076,1909f56bfc062723c751e8b465ee728b)  -> (artifact id: '1f8513d52ee062c820c245f8deb8f646') in 0.013048 seconds 
  Import took 0.024117 seconds .

========================================================================
Received Import Request.
  Time since last request: 124.094528 seconds.
  path: Assets/my Shader/water2colorsMovement.mat
  artifactKey: Guid(8c7381af183297544802657c3af72a3d) Importer(815301076,1909f56bfc062723c751e8b465ee728b)
Start importing Assets/my Shader/water2colorsMovement.mat using Guid(8c7381af183297544802657c3af72a3d) Importer(815301076,1909f56bfc062723c751e8b465ee728b)  -> (artifact id: '2e2225200eab8c177ec1447f49db7345') in 0.009756 seconds 
  Import took 0.100553 seconds .

========================================================================
Received Prepare
Registering precompiled user dll's ...
Registered in 0.003092 seconds.
Begin MonoManager ReloadAssembly
Native extension for WindowsStandalone target not found
Native extension for WebGL target not found
Refreshing native plugins compatible for Editor in 0.61 ms, found 2 plugins.
Preloading 0 native plugins for Editor in 0.00 ms.
Mono: successfully reloaded assembly
- Completed reload, in  1.059 seconds
Domain Reload Profiling:
	ReloadAssembly (1059ms)
		BeginReloadAssembly (119ms)
			ExecutionOrderSort (0ms)
			DisableScriptedObjects (7ms)
			BackupInstance (0ms)
			ReleaseScriptingObjects (0ms)
			CreateAndSetChildDomain (45ms)
		EndReloadAssembly (880ms)
			LoadAssemblies (87ms)
			RebuildTransferFunctionScriptingTraits (0ms)
			SetupTypeCache (315ms)
			ReleaseScriptCaches (2ms)
			RebuildScriptCaches (44ms)
			SetupLoadedEditorAssemblies (292ms)
				LogAssemblyErrors (0ms)
				InitializePlatformSupportModulesInManaged (4ms)
				SetLoadedEditorAssemblies (0ms)
				RefreshPlugins (1ms)
				BeforeProcessingInitializeOnLoad (83ms)
				ProcessInitializeOnLoadAttributes (190ms)
				ProcessInitializeOnLoadMethodAttributes (9ms)
				AfterProcessingInitializeOnLoad (4ms)
				EditorAssembliesLoaded (0ms)
			ExecutionOrderSort2 (0ms)
			AwakeInstancesAfterBackupRestoration (17ms)
Platform modules already initialized, skipping
Refreshing native plugins compatible for Editor in 0.61 ms, found 2 plugins.
Preloading 0 native plugins for Editor in 0.00 ms.
Unloading 2835 Unused Serialized files (Serialized files now loaded: 0)
System memory in use before: 130.0 MB.
System memory in use after: 130.2 MB.

Unloading 15 unused Assets to reduce memory usage. Loaded Objects now: 3542.
Total: 3.663000 ms (FindLiveObjects: 0.436800 ms CreateObjectMapping: 0.262200 ms MarkObjects: 2.938200 ms  DeleteObjects: 0.024600 ms)

AssetImportParameters requested are different than current active one (requested -> active):
  custom:framework-win-MediaFoundation: 216162199b28c13a410421893ffa2e32 -> 
  custom:video-decoder-ogg-theora: a1e56fd34408186e4bbccfd4996cb3dc -> 
  custom:container-muxer-webm: aa71ff27fc2769a1b78a27578f13a17b -> 
  custom:container-demuxer-webm: 4f35f7cbe854078d1ac9338744f61a02 -> 
  custom:container-demuxer-ogg: 62fdf1f143b41e24485cea50d1cbac27 -> 
  custom:video-encoder-webm-vp8: eb34c28f22e8b96e1ab97ce403110664 -> 
  custom:video-decoder-webm-vp8: 9c59270c3fd7afecdb556c50c9e8de78 -> 
  custom:audio-decoder-ogg-vorbis: bf7c407c2cedff20999df2af8eb42d56 -> 
  custom:audio-encoder-webm-vorbis: bf7c407c2cedff20999df2af8eb42d56 -> 
========================================================================
Received Import Request.
  Time since last request: 315.733545 seconds.
  path: Assets/my Shader/water2colorsMovement/water2colorsMovement.shadersubgraph
  artifactKey: Guid(4c48e14cce687194aace9d376d1ffcc9) Importer(815301076,1909f56bfc062723c751e8b465ee728b)
Start importing Assets/my Shader/water2colorsMovement/water2colorsMovement.shadersubgraph using Guid(4c48e14cce687194aace9d376d1ffcc9) Importer(815301076,1909f56bfc062723c751e8b465ee728b)  -> (artifact id: '9f70efaf3a62a9f2fc53d93c3460dc87') in 0.033068 seconds 
  Import took 0.052133 seconds .

========================================================================
Received Import Request.
  Time since last request: 126.550190 seconds.
  path: Assets/my Shader/watermovement/watermovement.mat
  artifactKey: Guid(aa23f2e20633e224785b83a73a55c1cb) Importer(815301076,1909f56bfc062723c751e8b465ee728b)
Start importing Assets/my Shader/watermovement/watermovement.mat using Guid(aa23f2e20633e224785b83a73a55c1cb) Importer(815301076,1909f56bfc062723c751e8b465ee728b)  -> (artifact id: '95ea6a092a55ae76ed936257d6a91770') in 0.143267 seconds 
  Import took 0.149258 seconds .

========================================================================
Received Import Request.
  Time since last request: 34.332231 seconds.
  path: Assets/my Shader/form.shadergraph
  artifactKey: Guid(83df292832e07bb4196e0eb02568d761) Importer(815301076,1909f56bfc062723c751e8b465ee728b)
Start importing Assets/my Shader/form.shadergraph using Guid(83df292832e07bb4196e0eb02568d761) Importer(815301076,1909f56bfc062723c751e8b465ee728b)  -> (artifact id: '6d2d8a4873501c01d37a9ef8cd079323') in 0.010532 seconds 
  Import took 0.016578 seconds .

========================================================================
Received Import Request.
  Time since last request: 11.282937 seconds.
  path: Assets/my Shader/formrefection.shadergraph
  artifactKey: Guid(83df292832e07bb4196e0eb02568d761) Importer(815301076,1909f56bfc062723c751e8b465ee728b)
Start importing Assets/my Shader/formrefection.shadergraph using Guid(83df292832e07bb4196e0eb02568d761) Importer(815301076,1909f56bfc062723c751e8b465ee728b)  -> (artifact id: '71efefd0095d5f81cf5914e0a8c327ac') in 0.010419 seconds 
  Import took 0.016803 seconds .

========================================================================
Received Import Request.
  Time since last request: 9.708407 seconds.
  path: Assets/my Shader/formrefraction.shadergraph
  artifactKey: Guid(83df292832e07bb4196e0eb02568d761) Importer(815301076,1909f56bfc062723c751e8b465ee728b)
Start importing Assets/my Shader/formrefraction.shadergraph using Guid(83df292832e07bb4196e0eb02568d761) Importer(815301076,1909f56bfc062723c751e8b465ee728b)  -> (artifact id: '076c59e72ab06bf7cd5fb8fb2499b525') in 0.009399 seconds 
  Import took 0.051209 seconds .

========================================================================
Received Prepare
Registering precompiled user dll's ...
Registered in 0.115384 seconds.
Begin MonoManager ReloadAssembly
Native extension for WindowsStandalone target not found
Native extension for WebGL target not found
Refreshing native plugins compatible for Editor in 0.54 ms, found 2 plugins.
Preloading 0 native plugins for Editor in 0.00 ms.
Mono: successfully reloaded assembly
- Completed reload, in  2.199 seconds
Domain Reload Profiling:
	ReloadAssembly (2201ms)
		BeginReloadAssembly (215ms)
			ExecutionOrderSort (0ms)
			DisableScriptedObjects (21ms)
			BackupInstance (0ms)
			ReleaseScriptingObjects (0ms)
			CreateAndSetChildDomain (111ms)
		EndReloadAssembly (1928ms)
			LoadAssemblies (729ms)
			RebuildTransferFunctionScriptingTraits (0ms)
			SetupTypeCache (311ms)
			ReleaseScriptCaches (1ms)
			RebuildScriptCaches (40ms)
			SetupLoadedEditorAssemblies (282ms)
				LogAssemblyErrors (0ms)
				InitializePlatformSupportModulesInManaged (5ms)
				SetLoadedEditorAssemblies (1ms)
				RefreshPlugins (1ms)
				BeforeProcessingInitializeOnLoad (82ms)
				ProcessInitializeOnLoadAttributes (178ms)
				ProcessInitializeOnLoadMethodAttributes (12ms)
				AfterProcessingInitializeOnLoad (4ms)
				EditorAssembliesLoaded (0ms)
			ExecutionOrderSort2 (0ms)
			AwakeInstancesAfterBackupRestoration (15ms)
Platform modules already initialized, skipping
Refreshing native plugins compatible for Editor in 0.59 ms, found 2 plugins.
Preloading 0 native plugins for Editor in 0.00 ms.
Unloading 2836 Unused Serialized files (Serialized files now loaded: 0)
System memory in use before: 130.6 MB.
System memory in use after: 130.8 MB.

Unloading 15 unused Assets to reduce memory usage. Loaded Objects now: 3581.
Total: 3.303900 ms (FindLiveObjects: 0.283000 ms CreateObjectMapping: 0.116700 ms MarkObjects: 2.883800 ms  DeleteObjects: 0.019300 ms)

AssetImportParameters requested are different than current active one (requested -> active):
  custom:framework-win-MediaFoundation: 216162199b28c13a410421893ffa2e32 -> 
  custom:video-decoder-ogg-theora: a1e56fd34408186e4bbccfd4996cb3dc -> 
  custom:container-muxer-webm: aa71ff27fc2769a1b78a27578f13a17b -> 
  custom:container-demuxer-webm: 4f35f7cbe854078d1ac9338744f61a02 -> 
  custom:container-demuxer-ogg: 62fdf1f143b41e24485cea50d1cbac27 -> 
  custom:video-encoder-webm-vp8: eb34c28f22e8b96e1ab97ce403110664 -> 
  custom:video-decoder-webm-vp8: 9c59270c3fd7afecdb556c50c9e8de78 -> 
  custom:audio-decoder-ogg-vorbis: bf7c407c2cedff20999df2af8eb42d56 -> 
  custom:audio-encoder-webm-vorbis: bf7c407c2cedff20999df2af8eb42d56 -> 
========================================================================
Received Import Request.
  Time since last request: 3898.836020 seconds.
  path: Assets/Stylized Environnement - Free Pack/Gfx
  artifactKey: Guid(21db712d845ee470fb6ca57dacd8690b) Importer(815301076,1909f56bfc062723c751e8b465ee728b)
Start importing Assets/Stylized Environnement - Free Pack/Gfx using Guid(21db712d845ee470fb6ca57dacd8690b) Importer(815301076,1909f56bfc062723c751e8b465ee728b)  -> (artifact id: '919ba84f4b8272819917400606795308') in 0.017205 seconds 
  Import took 0.171900 seconds .

========================================================================
Received Import Request.
  Time since last request: 0.000436 seconds.
  path: Assets/Stylized Environnement - Free Pack/Gfx/rock_01.fbx
  artifactKey: Guid(86a2c9836ae8c4932b9c7c1c1a6f85fb) Importer(815301076,1909f56bfc062723c751e8b465ee728b)
Start importing Assets/Stylized Environnement - Free Pack/Gfx/rock_01.fbx using Guid(86a2c9836ae8c4932b9c7c1c1a6f85fb) Importer(815301076,1909f56bfc062723c751e8b465ee728b)  -> (artifact id: '4717da8014019391d0abd05708d5bedd') in 0.503082 seconds 
  Import took 0.592202 seconds .

========================================================================
Received Import Request.
  Time since last request: 0.000254 seconds.
  path: Assets/Stylized Environnement - Free Pack/Gfx/rock_02.fbx
  artifactKey: Guid(df67164ad72564ecda48ee9e3fa7070f) Importer(815301076,1909f56bfc062723c751e8b465ee728b)
Start importing Assets/Stylized Environnement - Free Pack/Gfx/rock_02.fbx using Guid(df67164ad72564ecda48ee9e3fa7070f) Importer(815301076,1909f56bfc062723c751e8b465ee728b)  -> (artifact id: '53f530e3e98055ca83764f9548ba4b13') in 0.029608 seconds 
  Import took 0.034039 seconds .

========================================================================
Received Import Request.
  Time since last request: 0.000214 seconds.
  path: Assets/Stylized Environnement - Free Pack/Gfx/foliage_01.fbx
  artifactKey: Guid(a8e0524c3b55c4381acf37786e5173f3) Importer(815301076,1909f56bfc062723c751e8b465ee728b)
Start importing Assets/Stylized Environnement - Free Pack/Gfx/foliage_01.fbx using Guid(a8e0524c3b55c4381acf37786e5173f3) Importer(815301076,1909f56bfc062723c751e8b465ee728b)  -> (artifact id: '5c5c40fcabcf92732adf60fda36c7688') in 0.027967 seconds 
  Import took 0.032818 seconds .

========================================================================
Received Import Request.
  Time since last request: 0.000289 seconds.
  path: Assets/Stylized Environnement - Free Pack/Gfx/crystal_01.fbx
  artifactKey: Guid(053f05c99fa8e47989cbde1dc1c4d0f9) Importer(815301076,1909f56bfc062723c751e8b465ee728b)
Start importing Assets/Stylized Environnement - Free Pack/Gfx/crystal_01.fbx using Guid(053f05c99fa8e47989cbde1dc1c4d0f9) Importer(815301076,1909f56bfc062723c751e8b465ee728b)  -> (artifact id: '2148add97bccd0a5d7b431c62033d537') in 0.309113 seconds 
  Import took 0.314231 seconds .

========================================================================
Received Import Request.
  Time since last request: 0.000184 seconds.
  path: Assets/Stylized Environnement - Free Pack/Gfx/tree_01.fbx
  artifactKey: Guid(8a8d0bb0484944744ac3ab852ecb3433) Importer(815301076,1909f56bfc062723c751e8b465ee728b)
Start importing Assets/Stylized Environnement - Free Pack/Gfx/tree_01.fbx using Guid(8a8d0bb0484944744ac3ab852ecb3433) Importer(815301076,1909f56bfc062723c751e8b465ee728b)  -> (artifact id: '685fa7bcf0b6a4e61f93adfde458d470') in 0.025451 seconds 
  Import took 0.032102 seconds .

========================================================================
Received Import Request.
  Time since last request: 9.544956 seconds.
  path: Assets/Scenes
  artifactKey: Guid(a4976d5b4d4bb8e4da420bf2418a490d) Importer(815301076,1909f56bfc062723c751e8b465ee728b)
Start importing Assets/Scenes using Guid(a4976d5b4d4bb8e4da420bf2418a490d) Importer(815301076,1909f56bfc062723c751e8b465ee728b)  -> (artifact id: '6a12ac0eda6c4d75de4cbb468196c257') in 0.009677 seconds 
  Import took 0.395617 seconds .

========================================================================
Received Import Request.
  Time since last request: 5.978097 seconds.
  path: Assets/Stylized Environnement - Free Pack/Prefabs
  artifactKey: Guid(7cffabb976fc749028180dba4b1d45a5) Importer(815301076,1909f56bfc062723c751e8b465ee728b)
Start importing Assets/Stylized Environnement - Free Pack/Prefabs using Guid(7cffabb976fc749028180dba4b1d45a5) Importer(815301076,1909f56bfc062723c751e8b465ee728b)  -> (artifact id: '9c7637d4539ea8c281b62b1602103e73') in 0.013213 seconds 
  Import took 0.103095 seconds .

========================================================================
Received Import Request.
  Time since last request: 8.935763 seconds.
  path: Assets/Stylized Environnement - Free Pack/Prefabs/Terrain
  artifactKey: Guid(42762b412ac964e1f9e397e9c9f23349) Importer(815301076,1909f56bfc062723c751e8b465ee728b)
Start importing Assets/Stylized Environnement - Free Pack/Prefabs/Terrain using Guid(42762b412ac964e1f9e397e9c9f23349) Importer(815301076,1909f56bfc062723c751e8b465ee728b)  -> (artifact id: '159ba4f1ee5b9676c54efb96acc65693') in 0.007499 seconds 
  Import took 0.012633 seconds .

========================================================================
Received Import Request.
  Time since last request: 1.064815 seconds.
  path: Assets/Stylized Environnement - Free Pack/Prefabs/Terrain/Terrain.asset
  artifactKey: Guid(33528c1c000c34d8494f801978f6fa94) Importer(815301076,1909f56bfc062723c751e8b465ee728b)
Start importing Assets/Stylized Environnement - Free Pack/Prefabs/Terrain/Terrain.asset using Guid(33528c1c000c34d8494f801978f6fa94) Importer(815301076,1909f56bfc062723c751e8b465ee728b) The tree tree_01 couldn't be instanced because the prefab contains no valid mesh renderer.
 -> (artifact id: 'c53ca6f5f5ecd1104de527e5844a4194') in 0.519000 seconds 
  Import took 0.555744 seconds .

========================================================================
Received Import Request.
  Time since last request: 82.344525 seconds.
  path: Assets/Scenes/SampleScene.unity
  artifactKey: Guid(9fc0d4010bbf28b4594072e72b8655ab) Importer(815301076,1909f56bfc062723c751e8b465ee728b)
Start importing Assets/Scenes/SampleScene.unity using Guid(9fc0d4010bbf28b4594072e72b8655ab) Importer(815301076,1909f56bfc062723c751e8b465ee728b)  -> (artifact id: '872e96aeb673d0f6e5350f68573ccc61') in 0.007694 seconds 
  Import took 0.012631 seconds .

========================================================================
Received Import Request.
  Time since last request: 18.380862 seconds.
  path: Assets/my Shader/depthWater/depthWater.shadergraph
  artifactKey: Guid(9774e7c5d0378f94db2902cf931274f1) Importer(815301076,1909f56bfc062723c751e8b465ee728b)
Start importing Assets/my Shader/depthWater/depthWater.shadergraph using Guid(9774e7c5d0378f94db2902cf931274f1) Importer(815301076,1909f56bfc062723c751e8b465ee728b)  -> (artifact id: 'b89cc1cc7025c13b9f82a091122d32ab') in 0.002784 seconds 
  Import took 0.019596 seconds .

========================================================================
Received Import Request.
  Time since last request: 192.947080 seconds.
  path: Assets/Stylized Environnement - Free Pack/scene/BasicScene.unity
  artifactKey: Guid(260eaf368e9267b4b97d4681122b0319) Importer(815301076,1909f56bfc062723c751e8b465ee728b)
Start importing Assets/Stylized Environnement - Free Pack/scene/BasicScene.unity using Guid(260eaf368e9267b4b97d4681122b0319) Importer(815301076,1909f56bfc062723c751e8b465ee728b)  -> (artifact id: 'd3af686d991368c80ae4ddbf43339ad5') in 0.009356 seconds 
  Import took 0.016182 seconds .

========================================================================
Received Prepare
Registering precompiled user dll's ...
Registered in 0.003151 seconds.
Begin MonoManager ReloadAssembly
Native extension for WindowsStandalone target not found
Native extension for WebGL target not found
Refreshing native plugins compatible for Editor in 0.76 ms, found 2 plugins.
Preloading 0 native plugins for Editor in 0.00 ms.
Mono: successfully reloaded assembly
- Completed reload, in  1.243 seconds
Domain Reload Profiling:
	ReloadAssembly (1243ms)
		BeginReloadAssembly (139ms)
			ExecutionOrderSort (0ms)
			DisableScriptedObjects (6ms)
			BackupInstance (0ms)
			ReleaseScriptingObjects (0ms)
			CreateAndSetChildDomain (34ms)
		EndReloadAssembly (1038ms)
			LoadAssemblies (129ms)
			RebuildTransferFunctionScriptingTraits (0ms)
			SetupTypeCache (371ms)
			ReleaseScriptCaches (2ms)
			RebuildScriptCaches (49ms)
			SetupLoadedEditorAssemblies (342ms)
				LogAssemblyErrors (0ms)
				InitializePlatformSupportModulesInManaged (5ms)
				SetLoadedEditorAssemblies (1ms)
				RefreshPlugins (1ms)
				BeforeProcessingInitializeOnLoad (98ms)
				ProcessInitializeOnLoadAttributes (222ms)
				ProcessInitializeOnLoadMethodAttributes (10ms)
				AfterProcessingInitializeOnLoad (6ms)
				EditorAssembliesLoaded (0ms)
			ExecutionOrderSort2 (0ms)
			AwakeInstancesAfterBackupRestoration (19ms)
Platform modules already initialized, skipping
Refreshing native plugins compatible for Editor in 0.69 ms, found 2 plugins.
Preloading 0 native plugins for Editor in 0.00 ms.
Unloading 2841 Unused Serialized files (Serialized files now loaded: 0)
System memory in use before: 133.1 MB.
System memory in use after: 133.3 MB.

Unloading 15 unused Assets to reduce memory usage. Loaded Objects now: 3631.
Total: 5.087500 ms (FindLiveObjects: 0.425200 ms CreateObjectMapping: 0.270400 ms MarkObjects: 4.369000 ms  DeleteObjects: 0.021800 ms)

AssetImportParameters requested are different than current active one (requested -> active):
  custom:framework-win-MediaFoundation: 216162199b28c13a410421893ffa2e32 -> 
  custom:video-decoder-ogg-theora: a1e56fd34408186e4bbccfd4996cb3dc -> 
  custom:container-muxer-webm: aa71ff27fc2769a1b78a27578f13a17b -> 
  custom:container-demuxer-webm: 4f35f7cbe854078d1ac9338744f61a02 -> 
  custom:container-demuxer-ogg: 62fdf1f143b41e24485cea50d1cbac27 -> 
  custom:video-encoder-webm-vp8: eb34c28f22e8b96e1ab97ce403110664 -> 
  custom:video-decoder-webm-vp8: 9c59270c3fd7afecdb556c50c9e8de78 -> 
  custom:audio-decoder-ogg-vorbis: bf7c407c2cedff20999df2af8eb42d56 -> 
  custom:audio-encoder-webm-vorbis: bf7c407c2cedff20999df2af8eb42d56 -> 
========================================================================
Received Import Request.
  Time since last request: 2701.114102 seconds.
  path: Assets/my Shader/water2colorsMovement/water2colorsMovement.shadersubgraph
  artifactKey: Guid(4c48e14cce687194aace9d376d1ffcc9) Importer(815301076,1909f56bfc062723c751e8b465ee728b)
Start importing Assets/my Shader/water2colorsMovement/water2colorsMovement.shadersubgraph using Guid(4c48e14cce687194aace9d376d1ffcc9) Importer(815301076,1909f56bfc062723c751e8b465ee728b)  -> (artifact id: '9def1ddfa56f08bba6cad0801860672c') in 0.027416 seconds 
  Import took 0.048027 seconds .

========================================================================
Received Import Request.
  Time since last request: 4.390013 seconds.
  path: Assets/my Shader/water2colorsMovement/water2colorsMovement.shadergraph
  artifactKey: Guid(cd549cc0a4c43594fa218d0cbe8ba7ac) Importer(815301076,1909f56bfc062723c751e8b465ee728b)
Start importing Assets/my Shader/water2colorsMovement/water2colorsMovement.shadergraph using Guid(cd549cc0a4c43594fa218d0cbe8ba7ac) Importer(815301076,1909f56bfc062723c751e8b465ee728b)  -> (artifact id: '8994d86bb42eb5eb87704c2f5b601cd6') in 0.004340 seconds 
  Import took 0.036771 seconds .

========================================================================
Received Import Request.
  Time since last request: 178.393495 seconds.
  path: Assets/my Shader/water2colorsMovement/water2colorsMovement.shadersubgraph
  artifactKey: Guid(4c48e14cce687194aace9d376d1ffcc9) Importer(815301076,1909f56bfc062723c751e8b465ee728b)
Start importing Assets/my Shader/water2colorsMovement/water2colorsMovement.shadersubgraph using Guid(4c48e14cce687194aace9d376d1ffcc9) Importer(815301076,1909f56bfc062723c751e8b465ee728b)  -> (artifact id: '3ee579c5ae5b16c8809684ab1a37cd90') in 0.004550 seconds 
  Import took 0.011566 seconds .

========================================================================
Received Import Request.
  Time since last request: 0.000220 seconds.
  path: Assets/my Shader/water2colorsMovement/water2colorsMovement.shadergraph
  artifactKey: Guid(cd549cc0a4c43594fa218d0cbe8ba7ac) Importer(815301076,1909f56bfc062723c751e8b465ee728b)
Start importing Assets/my Shader/water2colorsMovement/water2colorsMovement.shadergraph using Guid(cd549cc0a4c43594fa218d0cbe8ba7ac) Importer(815301076,1909f56bfc062723c751e8b465ee728b)  -> (artifact id: '20b946b62ba8a5b107140995b5aa1dcc') in 0.003102 seconds 
  Import took 0.029713 seconds .

========================================================================
Received Import Request.
  Time since last request: 10.889123 seconds.
  path: Assets/my Shader/watermovement/watermovement.shadergraph
  artifactKey: Guid(14c02857884f81242bf7452312427fab) Importer(815301076,1909f56bfc062723c751e8b465ee728b)
Start importing Assets/my Shader/watermovement/watermovement.shadergraph using Guid(14c02857884f81242bf7452312427fab) Importer(815301076,1909f56bfc062723c751e8b465ee728b)  -> (artifact id: '06150aec6bcdcce9ed37c81c6279cc7b') in 0.003133 seconds 
  Import took 0.025362 seconds .

========================================================================
Received Import Request.
  Time since last request: 470.348884 seconds.
  path: Assets/my Shader/formrefraction.mat
  artifactKey: Guid(8daa76d349d05a84fa480decd2a333bf) Importer(815301076,1909f56bfc062723c751e8b465ee728b)
Start importing Assets/my Shader/formrefraction.mat using Guid(8daa76d349d05a84fa480decd2a333bf) Importer(815301076,1909f56bfc062723c751e8b465ee728b)  -> (artifact id: '479a6ca9df7908c4157915d97a4a459f') in 0.173411 seconds 
  Import took 0.179304 seconds .

========================================================================
Received Import Request.
  Time since last request: 27.812356 seconds.
  path: Assets/my Shader/formrefraction.shadergraph
  artifactKey: Guid(83df292832e07bb4196e0eb02568d761) Importer(815301076,1909f56bfc062723c751e8b465ee728b)
Start importing Assets/my Shader/formrefraction.shadergraph using Guid(83df292832e07bb4196e0eb02568d761) Importer(815301076,1909f56bfc062723c751e8b465ee728b)  -> (artifact id: '7f2bf43c59084d21d62d513b37b21083') in 0.003875 seconds 
  Import took 0.170577 seconds .

========================================================================
Received Import Request.
  Time since last request: 928.725905 seconds.
  path: Assets/my Shader/formrefraction.shadergraph
  artifactKey: Guid(83df292832e07bb4196e0eb02568d761) Importer(815301076,1909f56bfc062723c751e8b465ee728b)
Start importing Assets/my Shader/formrefraction.shadergraph using Guid(83df292832e07bb4196e0eb02568d761) Importer(815301076,1909f56bfc062723c751e8b465ee728b)  -> (artifact id: '6a86bc6d9e05d68a50cef96032f597a8') in 0.003719 seconds 
  Import took 0.009727 seconds .

========================================================================
Received Import Request.
  Time since last request: 97.130193 seconds.
  path: Assets/my Shader/formfraction
  artifactKey: Guid(87816f9b95fd38f429d4a4ac1449a3ca) Importer(815301076,1909f56bfc062723c751e8b465ee728b)
Start importing Assets/my Shader/formfraction using Guid(87816f9b95fd38f429d4a4ac1449a3ca) Importer(815301076,1909f56bfc062723c751e8b465ee728b)  -> (artifact id: '58800b3332e488ea52b7bf7112b73042') in 0.007701 seconds 
  Import took 0.048195 seconds .

========================================================================
Received Import Request.
  Time since last request: 25.447905 seconds.
  path: Assets/my Shader/water2colors/water2colors.shadersubgraph
  artifactKey: Guid(79af05daeab726b498c2d43422c3222a) Importer(815301076,1909f56bfc062723c751e8b465ee728b)
Start importing Assets/my Shader/water2colors/water2colors.shadersubgraph using Guid(79af05daeab726b498c2d43422c3222a) Importer(815301076,1909f56bfc062723c751e8b465ee728b)  -> (artifact id: '84071a95bb00d960e17e9dc7b3bf3be3') in 0.008129 seconds 
  Import took 0.013741 seconds .

========================================================================
Received Import Request.
  Time since last request: 1.529594 seconds.
  path: Assets/my Shader/water2colorsMovement/water2colorsMovement.mat
  artifactKey: Guid(8c7381af183297544802657c3af72a3d) Importer(815301076,1909f56bfc062723c751e8b465ee728b)
Start importing Assets/my Shader/water2colorsMovement/water2colorsMovement.mat using Guid(8c7381af183297544802657c3af72a3d) Importer(815301076,1909f56bfc062723c751e8b465ee728b)  -> (artifact id: '8ddd0b2639bb245802f93c4af253580d') in 0.013862 seconds 
  Import took 0.121730 seconds .

========================================================================
Received Import Request.
  Time since last request: 248.097277 seconds.
  path: Assets/my Shader/charecter
  artifactKey: Guid(c514fd12078c4264ebaa9e79a43b1d72) Importer(815301076,1909f56bfc062723c751e8b465ee728b)
Start importing Assets/my Shader/charecter using Guid(c514fd12078c4264ebaa9e79a43b1d72) Importer(815301076,1909f56bfc062723c751e8b465ee728b)  -> (artifact id: '04cf02e23c227a2f8b05cc378407c9c5') in 0.008943 seconds 
  Import took 0.033212 seconds .

========================================================================
Received Import Request.
  Time since last request: 31.189853 seconds.
  path: Assets/my Shader/charecter/pearl@Sitting.fbx
  artifactKey: Guid(5495e1c260647324f8953c69d0295737) Importer(815301076,1909f56bfc062723c751e8b465ee728b)
Start importing Assets/my Shader/charecter/pearl@Sitting.fbx using Guid(5495e1c260647324f8953c69d0295737) Importer(815301076,1909f56bfc062723c751e8b465ee728b)  -> (artifact id: '6b48160c2f4abf7c09d8d68b7d534ce6') in 0.527655 seconds 
  Import took 0.534574 seconds .

========================================================================
Received Import Request.
  Time since last request: 91.166642 seconds.
  path: Assets/my Shader/charecter/pearl@Sitting.fbx
  artifactKey: Guid(5495e1c260647324f8953c69d0295737) Importer(815301076,1909f56bfc062723c751e8b465ee728b)
Start importing Assets/my Shader/charecter/pearl@Sitting.fbx using Guid(5495e1c260647324f8953c69d0295737) Importer(815301076,1909f56bfc062723c751e8b465ee728b)  -> (artifact id: '7db79958de8a2679c507bca2221cb650') in 0.218758 seconds 
  Import took 0.226122 seconds .

========================================================================
Received Prepare
Registering precompiled user dll's ...
Registered in 0.134455 seconds.
Begin MonoManager ReloadAssembly
Native extension for WindowsStandalone target not found
Native extension for WebGL target not found
Refreshing native plugins compatible for Editor in 0.80 ms, found 2 plugins.
Preloading 0 native plugins for Editor in 0.00 ms.
Mono: successfully reloaded assembly
- Completed reload, in  2.812 seconds
Domain Reload Profiling:
	ReloadAssembly (2812ms)
		BeginReloadAssembly (621ms)
			ExecutionOrderSort (0ms)
			DisableScriptedObjects (44ms)
			BackupInstance (0ms)
			ReleaseScriptingObjects (0ms)
			CreateAndSetChildDomain (444ms)
		EndReloadAssembly (2118ms)
			LoadAssemblies (1059ms)
			RebuildTransferFunctionScriptingTraits (0ms)
			SetupTypeCache (398ms)
			ReleaseScriptCaches (2ms)
			RebuildScriptCaches (47ms)
			SetupLoadedEditorAssemblies (329ms)
				LogAssemblyErrors (0ms)
				InitializePlatformSupportModulesInManaged (4ms)
				SetLoadedEditorAssemblies (1ms)
				RefreshPlugins (1ms)
				BeforeProcessingInitializeOnLoad (101ms)
				ProcessInitializeOnLoadAttributes (206ms)
				ProcessInitializeOnLoadMethodAttributes (12ms)
				AfterProcessingInitializeOnLoad (4ms)
				EditorAssembliesLoaded (0ms)
			ExecutionOrderSort2 (0ms)
			AwakeInstancesAfterBackupRestoration (19ms)
Platform modules already initialized, skipping
Refreshing native plugins compatible for Editor in 1.55 ms, found 2 plugins.
Preloading 0 native plugins for Editor in 0.00 ms.
Unloading 2835 Unused Serialized files (Serialized files now loaded: 0)
System memory in use before: 146.3 MB.
System memory in use after: 146.5 MB.

Unloading 15 unused Assets to reduce memory usage. Loaded Objects now: 3670.
Total: 4.442800 ms (FindLiveObjects: 0.371800 ms CreateObjectMapping: 0.180300 ms MarkObjects: 3.810100 ms  DeleteObjects: 0.078900 ms)

AssetImportParameters requested are different than current active one (requested -> active):
  custom:framework-win-MediaFoundation: 216162199b28c13a410421893ffa2e32 -> 
  custom:video-decoder-ogg-theora: a1e56fd34408186e4bbccfd4996cb3dc -> 
  custom:container-muxer-webm: aa71ff27fc2769a1b78a27578f13a17b -> 
  custom:container-demuxer-webm: 4f35f7cbe854078d1ac9338744f61a02 -> 
  custom:container-demuxer-ogg: 62fdf1f143b41e24485cea50d1cbac27 -> 
  custom:video-encoder-webm-vp8: eb34c28f22e8b96e1ab97ce403110664 -> 
  custom:video-decoder-webm-vp8: 9c59270c3fd7afecdb556c50c9e8de78 -> 
  custom:audio-decoder-ogg-vorbis: bf7c407c2cedff20999df2af8eb42d56 -> 
  custom:audio-encoder-webm-vorbis: bf7c407c2cedff20999df2af8eb42d56 -> 
========================================================================
Received Prepare
Registering precompiled user dll's ...
Registered in 0.129545 seconds.
Begin MonoManager ReloadAssembly
Native extension for WindowsStandalone target not found
Native extension for WebGL target not found
Refreshing native plugins compatible for Editor in 0.52 ms, found 2 plugins.
Preloading 0 native plugins for Editor in 0.00 ms.
Mono: successfully reloaded assembly
- Completed reload, in  1.240 seconds
Domain Reload Profiling:
	ReloadAssembly (1241ms)
		BeginReloadAssembly (131ms)
			ExecutionOrderSort (0ms)
			DisableScriptedObjects (5ms)
			BackupInstance (0ms)
			ReleaseScriptingObjects (0ms)
			CreateAndSetChildDomain (38ms)
		EndReloadAssembly (1048ms)
			LoadAssemblies (95ms)
			RebuildTransferFunctionScriptingTraits (0ms)
			SetupTypeCache (291ms)
			ReleaseScriptCaches (1ms)
			RebuildScriptCaches (40ms)
			SetupLoadedEditorAssemblies (276ms)
				LogAssemblyErrors (0ms)
				InitializePlatformSupportModulesInManaged (5ms)
				SetLoadedEditorAssemblies (0ms)
				RefreshPlugins (1ms)
				BeforeProcessingInitializeOnLoad (80ms)
				ProcessInitializeOnLoadAttributes (177ms)
				ProcessInitializeOnLoadMethodAttributes (8ms)
				AfterProcessingInitializeOnLoad (4ms)
				EditorAssembliesLoaded (0ms)
			ExecutionOrderSort2 (0ms)
			AwakeInstancesAfterBackupRestoration (18ms)
Platform modules already initialized, skipping
Refreshing native plugins compatible for Editor in 0.95 ms, found 2 plugins.
Preloading 0 native plugins for Editor in 0.00 ms.
Unloading 2835 Unused Serialized files (Serialized files now loaded: 0)
System memory in use before: 146.3 MB.
System memory in use after: 146.5 MB.

Unloading 15 unused Assets to reduce memory usage. Loaded Objects now: 3672.
Total: 4.449900 ms (FindLiveObjects: 0.352800 ms CreateObjectMapping: 0.153100 ms MarkObjects: 3.923100 ms  DeleteObjects: 0.019700 ms)

AssetImportParameters requested are different than current active one (requested -> active):
  custom:framework-win-MediaFoundation: 216162199b28c13a410421893ffa2e32 -> 
  custom:video-decoder-ogg-theora: a1e56fd34408186e4bbccfd4996cb3dc -> 
  custom:container-muxer-webm: aa71ff27fc2769a1b78a27578f13a17b -> 
  custom:container-demuxer-webm: 4f35f7cbe854078d1ac9338744f61a02 -> 
  custom:container-demuxer-ogg: 62fdf1f143b41e24485cea50d1cbac27 -> 
  custom:video-encoder-webm-vp8: eb34c28f22e8b96e1ab97ce403110664 -> 
  custom:video-decoder-webm-vp8: 9c59270c3fd7afecdb556c50c9e8de78 -> 
  custom:audio-decoder-ogg-vorbis: bf7c407c2cedff20999df2af8eb42d56 -> 
  custom:audio-encoder-webm-vorbis: bf7c407c2cedff20999df2af8eb42d56 -> 
========================================================================
Received Import Request.
  Time since last request: 48968.852337 seconds.
  path: Assets/my model
  artifactKey: Guid(781f94f4d88593f428bb036fa4522164) Importer(815301076,1909f56bfc062723c751e8b465ee728b)
Start importing Assets/my model using Guid(781f94f4d88593f428bb036fa4522164) Importer(815301076,1909f56bfc062723c751e8b465ee728b)  -> (artifact id: 'bf266f8d376737c8c130421d92cbbd9a') in 0.103863 seconds 
  Import took 0.233698 seconds .

========================================================================
Received Import Request.
  Time since last request: 65.533383 seconds.
  path: Assets/my model/pearl@Sitting.fbx
  artifactKey: Guid(50d0026bba67f5049975e65aeb61f30f) Importer(815301076,1909f56bfc062723c751e8b465ee728b)
Start importing Assets/my model/pearl@Sitting.fbx using Guid(50d0026bba67f5049975e65aeb61f30f) Importer(815301076,1909f56bfc062723c751e8b465ee728b)  -> (artifact id: '8719a86bcce07b0eaa243c554e46000d') in 0.336252 seconds 
  Import took 0.401889 seconds .

========================================================================
Received Import Request.
  Time since last request: 141.461229 seconds.
  path: Assets/my model/materials
  artifactKey: Guid(a93729df1e3a5084684c4e1e85490f25) Importer(815301076,1909f56bfc062723c751e8b465ee728b)
Start importing Assets/my model/materials using Guid(a93729df1e3a5084684c4e1e85490f25) Importer(815301076,1909f56bfc062723c751e8b465ee728b)  -> (artifact id: '62c4489481f2fc5cc5d29876b7d6e98b') in 0.212837 seconds 
  Import took 0.220405 seconds .

========================================================================
Received Import Request.
  Time since last request: 17.010247 seconds.
  path: Assets/my model/texture
  artifactKey: Guid(646ad30145d435448afc361acfcc2280) Importer(815301076,1909f56bfc062723c751e8b465ee728b)
Start importing Assets/my model/texture using Guid(646ad30145d435448afc361acfcc2280) Importer(815301076,1909f56bfc062723c751e8b465ee728b)  -> (artifact id: '5c5365896f1cf4c821adcfd3557290e5') in 0.024444 seconds 
  Import took 0.044217 seconds .

========================================================================
Received Import Request.
  Time since last request: 546.381656 seconds.
  path: Assets/my model/pearl@Sitting.fbx
  artifactKey: Guid(50d0026bba67f5049975e65aeb61f30f) Importer(815301076,1909f56bfc062723c751e8b465ee728b)
Start importing Assets/my model/pearl@Sitting.fbx using Guid(50d0026bba67f5049975e65aeb61f30f) Importer(815301076,1909f56bfc062723c751e8b465ee728b)  -> (artifact id: '75c959515401f5c57dab75a2328c78ee') in 0.267662 seconds 
  Import took 0.407104 seconds .

========================================================================
Received Import Request.
  Time since last request: 130.723111 seconds.
  path: Assets/my model/pearl@Sitting.fbx
  artifactKey: Guid(50d0026bba67f5049975e65aeb61f30f) Importer(815301076,1909f56bfc062723c751e8b465ee728b)
Start importing Assets/my model/pearl@Sitting.fbx using Guid(50d0026bba67f5049975e65aeb61f30f) Importer(815301076,1909f56bfc062723c751e8b465ee728b)  -> (artifact id: '837d773093441b3f58d33c49d14909c2') in 0.246488 seconds 
  Import took 0.252409 seconds .

========================================================================
Received Import Request.
  Time since last request: 99.337277 seconds.
  path: Assets/my model/pearl@Sitting.fbx
  artifactKey: Guid(50d0026bba67f5049975e65aeb61f30f) Importer(815301076,1909f56bfc062723c751e8b465ee728b)
Start importing Assets/my model/pearl@Sitting.fbx using Guid(50d0026bba67f5049975e65aeb61f30f) Importer(815301076,1909f56bfc062723c751e8b465ee728b)  -> (artifact id: 'a7f48914c258a0b8631273335edbdccf') in 0.160651 seconds 
  Import took 0.184945 seconds .

========================================================================
Received Import Request.
  Time since last request: 183.822546 seconds.
  path: Assets/my model/pearl@Sitting.fbx
  artifactKey: Guid(50d0026bba67f5049975e65aeb61f30f) Importer(815301076,1909f56bfc062723c751e8b465ee728b)
Start importing Assets/my model/pearl@Sitting.fbx using Guid(50d0026bba67f5049975e65aeb61f30f) Importer(815301076,1909f56bfc062723c751e8b465ee728b)  -> (artifact id: '1088816921da05d98b472d8ec869d25a') in 0.222472 seconds 
  Import took 0.398062 seconds .

========================================================================
Received Import Request.
  Time since last request: 144.876147 seconds.
  path: Assets/my model/myAnimaterController.controller
  artifactKey: Guid(5d13f98785586f6459c5fafc3c8461f7) Importer(815301076,1909f56bfc062723c751e8b465ee728b)
Start importing Assets/my model/myAnimaterController.controller using Guid(5d13f98785586f6459c5fafc3c8461f7) Importer(815301076,1909f56bfc062723c751e8b465ee728b)  -> (artifact id: '2c2786cff1e4ca26e5f630a7316e6017') in 0.019537 seconds 
  Import took 0.025363 seconds .

========================================================================
Received Prepare
Registering precompiled user dll's ...
Registered in 0.002744 seconds.
Begin MonoManager ReloadAssembly
Native extension for WindowsStandalone target not found
Native extension for WebGL target not found
Refreshing native plugins compatible for Editor in 0.70 ms, found 2 plugins.
Preloading 0 native plugins for Editor in 0.00 ms.
Mono: successfully reloaded assembly
- Completed reload, in  1.476 seconds
Domain Reload Profiling:
	ReloadAssembly (1477ms)
		BeginReloadAssembly (171ms)
			ExecutionOrderSort (0ms)
			DisableScriptedObjects (9ms)
			BackupInstance (0ms)
			ReleaseScriptingObjects (0ms)
			CreateAndSetChildDomain (67ms)
		EndReloadAssembly (1226ms)
			LoadAssemblies (126ms)
			RebuildTransferFunctionScriptingTraits (0ms)
			SetupTypeCache (423ms)
			ReleaseScriptCaches (2ms)
			RebuildScriptCaches (60ms)
			SetupLoadedEditorAssemblies (393ms)
				LogAssemblyErrors (0ms)
				InitializePlatformSupportModulesInManaged (7ms)
				SetLoadedEditorAssemblies (0ms)
				RefreshPlugins (1ms)
				BeforeProcessingInitializeOnLoad (115ms)
				ProcessInitializeOnLoadAttributes (252ms)
				ProcessInitializeOnLoadMethodAttributes (12ms)
				AfterProcessingInitializeOnLoad (6ms)
				EditorAssembliesLoaded (0ms)
			ExecutionOrderSort2 (0ms)
			AwakeInstancesAfterBackupRestoration (25ms)
Platform modules already initialized, skipping
Refreshing native plugins compatible for Editor in 1.11 ms, found 2 plugins.
Preloading 0 native plugins for Editor in 0.00 ms.
Unloading 2835 Unused Serialized files (Serialized files now loaded: 0)
System memory in use before: 146.6 MB.
System memory in use after: 146.8 MB.

Unloading 15 unused Assets to reduce memory usage. Loaded Objects now: 3710.
Total: 8.234600 ms (FindLiveObjects: 0.697700 ms CreateObjectMapping: 0.436100 ms MarkObjects: 7.058700 ms  DeleteObjects: 0.040100 ms)

AssetImportParameters requested are different than current active one (requested -> active):
  custom:framework-win-MediaFoundation: 216162199b28c13a410421893ffa2e32 -> 
  custom:video-decoder-ogg-theora: a1e56fd34408186e4bbccfd4996cb3dc -> 
  custom:container-muxer-webm: aa71ff27fc2769a1b78a27578f13a17b -> 
  custom:container-demuxer-webm: 4f35f7cbe854078d1ac9338744f61a02 -> 
  custom:container-demuxer-ogg: 62fdf1f143b41e24485cea50d1cbac27 -> 
  custom:video-encoder-webm-vp8: eb34c28f22e8b96e1ab97ce403110664 -> 
  custom:video-decoder-webm-vp8: 9c59270c3fd7afecdb556c50c9e8de78 -> 
  custom:audio-decoder-ogg-vorbis: bf7c407c2cedff20999df2af8eb42d56 -> 
  custom:audio-encoder-webm-vorbis: bf7c407c2cedff20999df2af8eb42d56 -> 
========================================================================
Received Prepare
Registering precompiled user dll's ...
Registered in 0.002914 seconds.
Begin MonoManager ReloadAssembly
Native extension for WindowsStandalone target not found
Native extension for WebGL target not found
Refreshing native plugins compatible for Editor in 0.51 ms, found 2 plugins.
Preloading 0 native plugins for Editor in 0.00 ms.
Mono: successfully reloaded assembly
- Completed reload, in  1.033 seconds
Domain Reload Profiling:
	ReloadAssembly (1033ms)
		BeginReloadAssembly (117ms)
			ExecutionOrderSort (0ms)
			DisableScriptedObjects (6ms)
			BackupInstance (0ms)
			ReleaseScriptingObjects (0ms)
			CreateAndSetChildDomain (37ms)
		EndReloadAssembly (854ms)
			LoadAssemblies (91ms)
			RebuildTransferFunctionScriptingTraits (0ms)
			SetupTypeCache (282ms)
			ReleaseScriptCaches (1ms)
			RebuildScriptCaches (40ms)
			SetupLoadedEditorAssemblies (273ms)
				LogAssemblyErrors (0ms)
				InitializePlatformSupportModulesInManaged (4ms)
				SetLoadedEditorAssemblies (0ms)
				RefreshPlugins (1ms)
				BeforeProcessingInitializeOnLoad (78ms)
				ProcessInitializeOnLoadAttributes (178ms)
				ProcessInitializeOnLoadMethodAttributes (8ms)
				AfterProcessingInitializeOnLoad (4ms)
				EditorAssembliesLoaded (0ms)
			ExecutionOrderSort2 (0ms)
			AwakeInstancesAfterBackupRestoration (19ms)
Platform modules already initialized, skipping
Refreshing native plugins compatible for Editor in 0.52 ms, found 2 plugins.
Preloading 0 native plugins for Editor in 0.00 ms.
Unloading 2835 Unused Serialized files (Serialized files now loaded: 0)
System memory in use before: 146.6 MB.
System memory in use after: 146.8 MB.

Unloading 15 unused Assets to reduce memory usage. Loaded Objects now: 3712.
Total: 3.494500 ms (FindLiveObjects: 0.309900 ms CreateObjectMapping: 0.123600 ms MarkObjects: 3.043100 ms  DeleteObjects: 0.017000 ms)

AssetImportParameters requested are different than current active one (requested -> active):
  custom:framework-win-MediaFoundation: 216162199b28c13a410421893ffa2e32 -> 
  custom:video-decoder-ogg-theora: a1e56fd34408186e4bbccfd4996cb3dc -> 
  custom:container-muxer-webm: aa71ff27fc2769a1b78a27578f13a17b -> 
  custom:container-demuxer-webm: 4f35f7cbe854078d1ac9338744f61a02 -> 
  custom:container-demuxer-ogg: 62fdf1f143b41e24485cea50d1cbac27 -> 
  custom:video-encoder-webm-vp8: eb34c28f22e8b96e1ab97ce403110664 -> 
  custom:video-decoder-webm-vp8: 9c59270c3fd7afecdb556c50c9e8de78 -> 
  custom:audio-decoder-ogg-vorbis: bf7c407c2cedff20999df2af8eb42d56 -> 
  custom:audio-encoder-webm-vorbis: bf7c407c2cedff20999df2af8eb42d56 -> 
========================================================================
Received Prepare
Registering precompiled user dll's ...
Registered in 0.002702 seconds.
Begin MonoManager ReloadAssembly
Native extension for WindowsStandalone target not found
Native extension for WebGL target not found
Refreshing native plugins compatible for Editor in 1.04 ms, found 2 plugins.
Preloading 0 native plugins for Editor in 0.00 ms.
Mono: successfully reloaded assembly
- Completed reload, in  1.332 seconds
Domain Reload Profiling:
	ReloadAssembly (1333ms)
		BeginReloadAssembly (171ms)
			ExecutionOrderSort (0ms)
			DisableScriptedObjects (7ms)
			BackupInstance (0ms)
			ReleaseScriptingObjects (0ms)
			CreateAndSetChildDomain (66ms)
		EndReloadAssembly (1086ms)
			LoadAssemblies (123ms)
			RebuildTransferFunctionScriptingTraits (0ms)
			SetupTypeCache (424ms)
			ReleaseScriptCaches (2ms)
			RebuildScriptCaches (55ms)
			SetupLoadedEditorAssemblies (308ms)
				LogAssemblyErrors (0ms)
				InitializePlatformSupportModulesInManaged (6ms)
				SetLoadedEditorAssemblies (1ms)
				RefreshPlugins (1ms)
				BeforeProcessingInitializeOnLoad (105ms)
				ProcessInitializeOnLoadAttributes (183ms)
				ProcessInitializeOnLoadMethodAttributes (8ms)
				AfterProcessingInitializeOnLoad (4ms)
				EditorAssembliesLoaded (0ms)
			ExecutionOrderSort2 (0ms)
			AwakeInstancesAfterBackupRestoration (18ms)
Platform modules already initialized, skipping
Refreshing native plugins compatible for Editor in 0.52 ms, found 2 plugins.
Preloading 0 native plugins for Editor in 0.00 ms.
Unloading 2835 Unused Serialized files (Serialized files now loaded: 0)
System memory in use before: 146.6 MB.
System memory in use after: 146.8 MB.

Unloading 15 unused Assets to reduce memory usage. Loaded Objects now: 3714.
Total: 3.284600 ms (FindLiveObjects: 0.296500 ms CreateObjectMapping: 0.107700 ms MarkObjects: 2.863600 ms  DeleteObjects: 0.015700 ms)

AssetImportParameters requested are different than current active one (requested -> active):
  custom:framework-win-MediaFoundation: 216162199b28c13a410421893ffa2e32 -> 
  custom:video-decoder-ogg-theora: a1e56fd34408186e4bbccfd4996cb3dc -> 
  custom:container-muxer-webm: aa71ff27fc2769a1b78a27578f13a17b -> 
  custom:container-demuxer-webm: 4f35f7cbe854078d1ac9338744f61a02 -> 
  custom:container-demuxer-ogg: 62fdf1f143b41e24485cea50d1cbac27 -> 
  custom:video-encoder-webm-vp8: eb34c28f22e8b96e1ab97ce403110664 -> 
  custom:video-decoder-webm-vp8: 9c59270c3fd7afecdb556c50c9e8de78 -> 
  custom:audio-decoder-ogg-vorbis: bf7c407c2cedff20999df2af8eb42d56 -> 
  custom:audio-encoder-webm-vorbis: bf7c407c2cedff20999df2af8eb42d56 -> 
========================================================================
Received Prepare
Registering precompiled user dll's ...
Registered in 0.002861 seconds.
Begin MonoManager ReloadAssembly
Native extension for WindowsStandalone target not found
Native extension for WebGL target not found
Refreshing native plugins compatible for Editor in 0.50 ms, found 2 plugins.
Preloading 0 native plugins for Editor in 0.00 ms.
Mono: successfully reloaded assembly
- Completed reload, in  1.032 seconds
Domain Reload Profiling:
	ReloadAssembly (1032ms)
		BeginReloadAssembly (103ms)
			ExecutionOrderSort (0ms)
			DisableScriptedObjects (5ms)
			BackupInstance (0ms)
			ReleaseScriptingObjects (0ms)
			CreateAndSetChildDomain (30ms)
		EndReloadAssembly (873ms)
			LoadAssemblies (78ms)
			RebuildTransferFunctionScriptingTraits (0ms)
			SetupTypeCache (318ms)
			ReleaseScriptCaches (1ms)
			RebuildScriptCaches (41ms)
			SetupLoadedEditorAssemblies (292ms)
				LogAssemblyErrors (0ms)
				InitializePlatformSupportModulesInManaged (4ms)
				SetLoadedEditorAssemblies (0ms)
				RefreshPlugins (1ms)
				BeforeProcessingInitializeOnLoad (95ms)
				ProcessInitializeOnLoadAttributes (178ms)
				ProcessInitializeOnLoadMethodAttributes (8ms)
				AfterProcessingInitializeOnLoad (5ms)
				EditorAssembliesLoaded (1ms)
			ExecutionOrderSort2 (0ms)
			AwakeInstancesAfterBackupRestoration (19ms)
Platform modules already initialized, skipping
Refreshing native plugins compatible for Editor in 0.59 ms, found 2 plugins.
Preloading 0 native plugins for Editor in 0.00 ms.
Unloading 2835 Unused Serialized files (Serialized files now loaded: 0)
System memory in use before: 146.6 MB.
System memory in use after: 146.9 MB.

Unloading 15 unused Assets to reduce memory usage. Loaded Objects now: 3716.
Total: 3.461900 ms (FindLiveObjects: 0.314500 ms CreateObjectMapping: 0.120400 ms MarkObjects: 3.000300 ms  DeleteObjects: 0.025300 ms)

AssetImportParameters requested are different than current active one (requested -> active):
  custom:framework-win-MediaFoundation: 216162199b28c13a410421893ffa2e32 -> 
  custom:video-decoder-ogg-theora: a1e56fd34408186e4bbccfd4996cb3dc -> 
  custom:container-muxer-webm: aa71ff27fc2769a1b78a27578f13a17b -> 
  custom:container-demuxer-webm: 4f35f7cbe854078d1ac9338744f61a02 -> 
  custom:container-demuxer-ogg: 62fdf1f143b41e24485cea50d1cbac27 -> 
  custom:video-encoder-webm-vp8: eb34c28f22e8b96e1ab97ce403110664 -> 
  custom:video-decoder-webm-vp8: 9c59270c3fd7afecdb556c50c9e8de78 -> 
  custom:audio-decoder-ogg-vorbis: bf7c407c2cedff20999df2af8eb42d56 -> 
  custom:audio-encoder-webm-vorbis: bf7c407c2cedff20999df2af8eb42d56 -> 
========================================================================
Received Prepare
Registering precompiled user dll's ...
Registered in 0.002608 seconds.
Begin MonoManager ReloadAssembly
Native extension for WindowsStandalone target not found
Native extension for WebGL target not found
Refreshing native plugins compatible for Editor in 0.49 ms, found 2 plugins.
Preloading 0 native plugins for Editor in 0.00 ms.
Mono: successfully reloaded assembly
- Completed reload, in  0.996 seconds
Domain Reload Profiling:
	ReloadAssembly (997ms)
		BeginReloadAssembly (114ms)
			ExecutionOrderSort (0ms)
			DisableScriptedObjects (5ms)
			BackupInstance (0ms)
			ReleaseScriptingObjects (0ms)
			CreateAndSetChildDomain (33ms)
		EndReloadAssembly (828ms)
			LoadAssemblies (78ms)
			RebuildTransferFunctionScriptingTraits (0ms)
			SetupTypeCache (295ms)
			ReleaseScriptCaches (1ms)
			RebuildScriptCaches (39ms)
			SetupLoadedEditorAssemblies (278ms)
				LogAssemblyErrors (0ms)
				InitializePlatformSupportModulesInManaged (4ms)
				SetLoadedEditorAssemblies (0ms)
				RefreshPlugins (1ms)
				BeforeProcessingInitializeOnLoad (79ms)
				ProcessInitializeOnLoadAttributes (182ms)
				ProcessInitializeOnLoadMethodAttributes (8ms)
				AfterProcessingInitializeOnLoad (4ms)
				EditorAssembliesLoaded (0ms)
			ExecutionOrderSort2 (0ms)
			AwakeInstancesAfterBackupRestoration (18ms)
Platform modules already initialized, skipping
Refreshing native plugins compatible for Editor in 0.51 ms, found 2 plugins.
Preloading 0 native plugins for Editor in 0.00 ms.
Unloading 2835 Unused Serialized files (Serialized files now loaded: 0)
System memory in use before: 146.6 MB.
System memory in use after: 146.9 MB.

Unloading 15 unused Assets to reduce memory usage. Loaded Objects now: 3718.
Total: 3.657900 ms (FindLiveObjects: 0.302600 ms CreateObjectMapping: 0.109200 ms MarkObjects: 3.230300 ms  DeleteObjects: 0.015200 ms)

AssetImportParameters requested are different than current active one (requested -> active):
  custom:framework-win-MediaFoundation: 216162199b28c13a410421893ffa2e32 -> 
  custom:video-decoder-ogg-theora: a1e56fd34408186e4bbccfd4996cb3dc -> 
  custom:container-muxer-webm: aa71ff27fc2769a1b78a27578f13a17b -> 
  custom:container-demuxer-webm: 4f35f7cbe854078d1ac9338744f61a02 -> 
  custom:container-demuxer-ogg: 62fdf1f143b41e24485cea50d1cbac27 -> 
  custom:video-encoder-webm-vp8: eb34c28f22e8b96e1ab97ce403110664 -> 
  custom:video-decoder-webm-vp8: 9c59270c3fd7afecdb556c50c9e8de78 -> 
  custom:audio-decoder-ogg-vorbis: bf7c407c2cedff20999df2af8eb42d56 -> 
  custom:audio-encoder-webm-vorbis: bf7c407c2cedff20999df2af8eb42d56 -> 
========================================================================
Received Prepare
Registering precompiled user dll's ...
Registered in 0.002769 seconds.
Begin MonoManager ReloadAssembly
Native extension for WindowsStandalone target not found
Native extension for WebGL target not found
Refreshing native plugins compatible for Editor in 0.52 ms, found 2 plugins.
Preloading 0 native plugins for Editor in 0.00 ms.
Mono: successfully reloaded assembly
- Completed reload, in  1.073 seconds
Domain Reload Profiling:
	ReloadAssembly (1073ms)
		BeginReloadAssembly (159ms)
			ExecutionOrderSort (0ms)
			DisableScriptedObjects (4ms)
			BackupInstance (0ms)
			ReleaseScriptingObjects (0ms)
			CreateAndSetChildDomain (74ms)
		EndReloadAssembly (860ms)
			LoadAssemblies (77ms)
			RebuildTransferFunctionScriptingTraits (0ms)
			SetupTypeCache (278ms)
			ReleaseScriptCaches (1ms)
			RebuildScriptCaches (40ms)
			SetupLoadedEditorAssemblies (321ms)
				LogAssemblyErrors (0ms)
				InitializePlatformSupportModulesInManaged (4ms)
				SetLoadedEditorAssemblies (0ms)
				RefreshPlugins (1ms)
				BeforeProcessingInitializeOnLoad (79ms)
				ProcessInitializeOnLoadAttributes (224ms)
				ProcessInitializeOnLoadMethodAttributes (8ms)
				AfterProcessingInitializeOnLoad (5ms)
				EditorAssembliesLoaded (0ms)
			ExecutionOrderSort2 (0ms)
			AwakeInstancesAfterBackupRestoration (17ms)
Platform modules already initialized, skipping
Refreshing native plugins compatible for Editor in 0.51 ms, found 2 plugins.
Preloading 0 native plugins for Editor in 0.00 ms.
Unloading 2835 Unused Serialized files (Serialized files now loaded: 0)
System memory in use before: 146.6 MB.
System memory in use after: 146.9 MB.

Unloading 15 unused Assets to reduce memory usage. Loaded Objects now: 3720.
Total: 3.740600 ms (FindLiveObjects: 0.300900 ms CreateObjectMapping: 0.129700 ms MarkObjects: 3.292400 ms  DeleteObjects: 0.016900 ms)

AssetImportParameters requested are different than current active one (requested -> active):
  custom:framework-win-MediaFoundation: 216162199b28c13a410421893ffa2e32 -> 
  custom:video-decoder-ogg-theora: a1e56fd34408186e4bbccfd4996cb3dc -> 
  custom:container-muxer-webm: aa71ff27fc2769a1b78a27578f13a17b -> 
  custom:container-demuxer-webm: 4f35f7cbe854078d1ac9338744f61a02 -> 
  custom:container-demuxer-ogg: 62fdf1f143b41e24485cea50d1cbac27 -> 
  custom:video-encoder-webm-vp8: eb34c28f22e8b96e1ab97ce403110664 -> 
  custom:video-decoder-webm-vp8: 9c59270c3fd7afecdb556c50c9e8de78 -> 
  custom:audio-decoder-ogg-vorbis: bf7c407c2cedff20999df2af8eb42d56 -> 
  custom:audio-encoder-webm-vorbis: bf7c407c2cedff20999df2af8eb42d56 -> 
